<?xml version="1.0" encoding="utf-8"?><testsuites name="pytest tests"><testsuite name="pytest" errors="0" failures="0" skipped="0" tests="39" time="14.627" timestamp="2026-09-13T18:40:02.987959+01:00" hostname="Aerons-MacBook-Air.local"><testcase classname="tests.test_duration_population" name="test_completed_likelihood_marginalises_job_noise_and_groups_phases" time="0.001" /><testcase classname="tests.test_duration_population" name="test_censoring_is_replaced_and_not_counted_twice_for_active_prediction" time="0.000" /><testcase classname="tests.test_duration_population" name="test_mixture_quantile_handles_overlapping_uniforms_and_atoms" time="0.000" /><testcase classname="tests.test_duration_population" name="test_explicit_support_rejects_unbounded_or_incompatible_evidence" time="0.000" /><testcase classname="tests.test_duration_population" name="test_private_equipment_and_job_clocks_reconcile_without_early_information" time="1.108" /><testcase classname="tests.test_duration_population" name="test_job_draws_ignore_candidate_search_and_change_only_for_accepted_requests" time="0.001" /><testcase classname="tests.test_duration_population" name="test_calibration_holdout_does_not_select_the_model_and_rejects_truth_inference" time="0.001" /><testcase classname="tests.test_duration_population" name="test_null_planner_reuses_nominal_candidate_without_a_second_solve" time="0.002" /><testcase classname="tests.test_duration_population" name="test_equipment_job_bundle_has_independent_offline_checker" time="2.932" /><testcase classname="tests.test_duration_population" name="test_job_clock_scales_optical_coverage_and_brush_use_together[0]" time="0.478" /><testcase classname="tests.test_duration_population" name="test_job_clock_scales_optical_coverage_and_brush_use_together[1]" time="0.451" /><testcase classname="tests.test_surface_services" name="test_partial_dry_brushing_changes_only_loose_loss_with_independent_area_arithmetic" time="0.000" /><testcase classname="tests.test_surface_services" name="test_partitioning_constant_efficacy_sweep_preserves_optical_inventory" time="0.000" /><testcase classname="tests.test_surface_services" name="test_optical_effects_apply_after_interval_and_full_audit_reconciles" time="0.422" /><testcase classname="tests.test_surface_services" name="test_interruption_retains_completed_area_and_consumes_only_elapsed_resources" time="0.343" /><testcase classname="tests.test_surface_services" name="test_unavailable_conditions_or_exhausted_brush_block_work[conditions0-wind-mps]" time="0.334" /><testcase classname="tests.test_surface_services" name="test_unavailable_conditions_or_exhausted_brush_block_work[conditions1-wind-mps]" time="0.334" /><testcase classname="tests.test_surface_services" name="test_unavailable_conditions_or_exhausted_brush_block_work[conditions2-rain-mmph]" time="0.360" /><testcase classname="tests.test_surface_services" name="test_unavailable_conditions_or_exhausted_brush_block_work[conditions3-row-accessible]" time="0.334" /><testcase classname="tests.test_surface_services" name="test_unavailable_conditions_or_exhausted_brush_block_work[conditions4-brush:cleaner]" time="0.341" /><testcase classname="tests.test_surface_services" name="test_cleaning_can_recover_light_without_recovering_available_dc_due_to_clipping" time="0.559" /><testcase classname="tests.test_surface_services" name="test_future_realized_weather_cannot_change_earlier_cleaning_or_dispatch" time="0.840" /><testcase classname="tests.test_surface_services" name="test_missing_forecast_radiation_is_an_explicit_incomplete_input" time="0.003" /><testcase classname="tests.test_surface_services" name="test_zero_installed_area_has_no_cleaning_and_remains_auditable" time="0.217" /><testcase classname="tests.test_surface_services" name="test_optical_audit_with_temperature_and_orientation_effects" time="0.418" /><testcase classname="tests.test_surface_services" name="test_forecast_error_compares_the_same_surface_conversion_basis" time="0.520" /><testcase classname="tests.test_portable_cleaning" name="test_wet_treatment_matches_independent_optical_expectation_without_repairing_damage" time="0.000" /><testcase classname="tests.test_portable_cleaning" name="test_setup_water_partial_work_effects_and_crew_time_reconcile" time="0.460" /><testcase classname="tests.test_portable_cleaning" name="test_water_delivery_preserves_litre_units_and_records_rejected_excess" time="0.000" /><testcase classname="tests.test_portable_cleaning" name="test_empty_water_does_not_silently_change_the_requested_treatment[dry]" time="0.444" /><testcase classname="tests.test_portable_cleaning" name="test_empty_water_does_not_silently_change_the_requested_treatment[wet]" time="0.463" /><testcase classname="tests.test_portable_cleaning" name="test_wet_work_blocks_in_cold_weather_and_unavailable_crew" time="0.897" /><testcase classname="tests.test_portable_cleaning" name="test_supply_does_not_repeat_deliveries_that_cannot_make_a_full_section_feasible" time="0.699" /><testcase classname="tests.test_portable_cleaning" name="test_partial_failure_keeps_water_and_treatment_and_does_not_reuse_stranded_crew" time="0.465" /><testcase classname="tests.test_portable_cleaning" name="test_row_and_portable_tools_share_exclusive_work_surfaces" time="0.534" /><testcase classname="tests.test_portable_cleaning" name="test_independent_checker_rejects_false_water_duration_or_brush_accounting[water_used_l-0]" time="0.084" /><testcase classname="tests.test_portable_cleaning" name="test_independent_checker_rejects_false_water_duration_or_brush_accounting[portable_hours-99]" time="0.083" /><testcase classname="tests.test_portable_cleaning" name="test_independent_checker_rejects_false_water_duration_or_brush_accounting[brush_wear_m2-500]" time="0.084" /><testcase classname="tests.test_portable_cleaning" name="test_portable_configuration_requires_its_mechanisms" time="0.002" /></testsuite></testsuites>