<?xml version="1.0" encoding="utf-8"?><testsuites name="pytest tests"><testsuite name="pytest" errors="0" failures="0" skipped="0" tests="1011" time="384.634" timestamp="2026-09-13T20:40:31.347790+01:00" hostname="Aerons-MacBook-Air.local"><properties>
[...]
</properties><testcase classname="tests.test_adaptation" name="test_observer_recurrence_matches_decimal_and_low_activity_is_not_health" time="0.000" /><testcase classname="tests.test_adaptation" name="test_real_execution_separates_conversion_and_cleaning_and_reconciles[False]" time="0.763" /><testcase classname="tests.test_adaptation" name="test_real_execution_separates_conversion_and_cleaning_and_reconciles[True]" time="0.956" /><testcase classname="tests.test_adaptation" name="test_fixed_ablation_records_same_observations_without_updating_parameters" time="0.913" /><testcase classname="tests.test_adaptation" name="test_later_weather_cannot_change_earlier_estimates_actions_or_diagnoses" time="1.061" /><testcase classname="tests.test_adaptation" name="test_hidden_service_probability_never_enters_first_planning_snapshot" time="0.609" /><testcase classname="tests.test_adaptation" name="test_unknown_duration_and_legacy_hidden_services_still_rejected" time="0.001" /><testcase classname="tests.test_adaptation" name="test_saved_forecasts_use_original_conversion_and_keep_issue_availability" time="0.002" /><testcase classname="tests.test_adaptation" name="test_same_information_replan_and_numerical_replay_retain_original_models" time="1.053" /><testcase classname="tests.test_adaptation" name="test_hidden_mission_failure_changes_execution_not_initial_selection" time="1.100" /><testcase classname="tests.test_adaptation" name="test_direct_execution_cannot_bypass_unsupported_hidden_adapter_rejection" time="0.003" /><testcase classname="tests.test_adaptation" name="test_forecast_vintage_availability_is_unchanged_by_conversion_separation" time="0.002" /><testcase classname="tests.test_adaptation" name="test_solar_adaptation_preserves_legacy_services_without_claiming_service_learning" time="0.223" /><testcase classname="tests.test_adaptation" name="test_execution_rejects_unrecorded_hidden_mismatch" time="0.003" /><testcase classname="tests.test_archive_transport" name="test_download_uses_actual_preserved_export_path" time="0.002" /><testcase classname="tests.test_assumptions" name="test_inventory_covers_optional_contracts_and_has_no_calibration_claim" time="0.005" /><testcase classname="tests.test_assumptions" name="test_absent_options_and_custom_values_do_not_acquire_default_measurements" time="0.037" /><testcase classname="tests.test_assumptions" name="test_new_fields_visible_and_schema_changes_fail_freshness_gate" time="0.042" /><testcase classname="tests.test_assumptions" name="test_implementation_changes_invalidate_only_applicable_mechanisms" time="0.001" /><testcase classname="tests.test_assumptions" name="test_legacy_graph_keeps_original_review_missing" time="0.082" /><testcase classname="tests.test_assumptions" name="test_snapshot_not_changed_by_editing_current_registry_copy" time="0.048" /><testcase classname="tests.test_assumptions" name="test_report_is_offline_readable_and_escapes_recorded_values" time="0.061" /><testcase classname="tests.test_assumptions" name="test_repeated_object_paths_retain_values_not_fake_mean" time="0.000" /><testcase classname="tests.test_assumptions" name="test_characterises_existing_zero_throughput_metrology_gap" time="0.003" /><testcase classname="tests.test_battery" name="test_known_energy_ledger[affine/1]" time="0.000" /><testcase classname="tests.test_battery" name="test_known_energy_ledger[loss-ledger/1]" time="0.000" /><testcase classname="tests.test_battery" name="test_decimal_reference_and_subdivision" time="0.089" /><testcase classname="tests.test_battery" name="test_boundaries_and_invalid_actions[affine/1]" time="0.000" /><testcase classname="tests.test_battery" name="test_boundaries_and_invalid_actions[loss-ledger/1]" time="0.000" /><testcase classname="tests.test_battery" name="test_standalone_planning_and_replay[affine/1]" time="0.001" /><testcase classname="tests.test_battery" name="test_standalone_planning_and_replay[loss-ledger/1]" time="0.001" /><testcase classname="tests.test_battery" name="test_swap_in_whole_plant_and_what_if[affine/1]" time="0.464" /><testcase classname="tests.test_battery" name="test_swap_in_whole_plant_and_what_if[loss-ledger/1]" time="0.497" /><testcase classname="tests.test_battery" name="test_recorded_lineage_and_resealed_corruption" time="0.268" /><testcase classname="tests.test_battery" name="test_legacy_config_and_trace_are_not_upgraded" time="0.212" /><testcase classname="tests.test_battery" name="test_invalid_replacement_fails_loudly" time="0.000" /><testcase classname="tests.test_battery" name="test_parameter_contract_is_immutable" time="0.000" /><testcase classname="tests.test_battery" name="test_fallback_preserves_selected_battery[affine/1]" time="0.007" /><testcase classname="tests.test_battery" name="test_fallback_preserves_selected_battery[loss-ledger/1]" time="0.008" /><testcase classname="tests.test_boundaries" name="test_pure_component_dependency_firewall" time="0.016" /><testcase classname="tests.test_boundaries" name="test_provider_isolated_from_future_truth_and_detached_outputs" time="0.001" /><testcase classname="tests.test_boundaries" name="test_delivery_order_is_pure_and_independent" time="0.000" /><testcase classname="tests.test_boundaries" name="test_standalone_solar_reference_and_input_failures" time="0.000" /><testcase classname="tests.test_bundle" name="test_archive_writer_preserves_content_and_previous_file_on_failure" time="0.682" /><testcase classname="tests.test_bundle" name="test_overlapping_and_failed_exports_publish_only_complete_files" time="1.579" /><testcase classname="tests.test_bundle" name="test_same_physical_run_keeps_distinct_sealed_recordings" time="1.188" /><testcase classname="tests.test_bundle" name="test_legacy_archive_save_keeps_original_unsealed_shape" time="0.424" /><testcase classname="tests.test_bundle" name="test_bundle_does_not_replace_a_different_recording_at_same_target" time="2.375" /><testcase classname="tests.test_bundle" name="test_repricing_exports_preserve_both_assumptions" time="1.475" /><testcase classname="tests.test_bundle" name="test_bundle_clean_stdlib_offline_and_captured_bytes" time="1.672" /><testcase classname="tests.test_bundle" name="test_legacy_source_unavailability_not_fabricated" time="0.758" /><testcase classname="tests.test_bundle" name="test_bundle_paths_cannot_escape_or_follow_symlink" time="0.001" /><testcase classname="tests.test_bundle" name="test_renderer_assets_without_service_animation_are_supported" time="0.007" /><testcase classname="tests.test_catalogue" name="test_all_registered_components_describe_execution_planning_and_evidence" time="0.001" /><testcase classname="tests.test_cleaning_forecast" name="test_independent_transmission_and_next_interval_timing" time="0.007" /><testcase classname="tests.test_cleaning_forecast" name="test_prediction_reconciles_with_execution_and_replanning_from_observed_pass[none]" time="0.025" /><testcase classname="tests.test_cleaning_forecast" name="test_prediction_reconciles_with_execution_and_replanning_from_observed_pass[wet]" time="0.028" /><testcase classname="tests.test_cleaning_forecast" name="test_clipping_can_absorb_all_of_the_optical_gain" time="0.006" /><testcase classname="tests.test_cleaning_forecast" name="test_absent_evidence_and_inputs_are_not_silently_filled" time="0.003" /><testcase classname="tests.test_cleaning_forecast" name="test_changed_future_weather_does_not_change_earlier_treatment_predictions" time="0.007" /><testcase classname="tests.test_cleaning_forecast" name="test_reference_publication_must_precede_the_decision_and_inputs_remain_finite" time="0.003" /><testcase classname="tests.test_cleaning_forecast" name="test_private_execution_outcomes_cannot_change_a_candidate_prediction" time="0.007" /><testcase classname="tests.test_cleaning_forecast" name="test_coupled_candidate_records_treatment_and_rejects_a_different_reference" time="0.068" /><testcase classname="tests.test_cleaning_forecast" name="test_supervisor_values_useful_generation_but_does_not_pay_for_clipped_gain[None-clean]" time="0.082" /><testcase classname="tests.test_cleaning_forecast" name="test_supervisor_values_useful_generation_but_does_not_pay_for_clipped_gain[200-defer]" time="0.086" /><testcase classname="tests.test_components" name="test_electrolyser_independent_conversion_and_start[specific-energy/1]" time="0.002" /><testcase classname="tests.test_components" name="test_electrolyser_independent_conversion_and_start[yield-ledger/1]" time="0.001" /><testcase classname="tests.test_components" name="test_electrolyser_decimal_reference" time="0.031" /><testcase classname="tests.test_components" name="test_storage_planning_execution_and_delivery_order[hydrogen-balance/1]" time="0.001" /><testcase classname="tests.test_components" name="test_storage_planning_execution_and_delivery_order[hydrogen-ledger/1]" time="0.001" /><testcase classname="tests.test_components" name="test_storage_planning_execution_and_delivery_order[co2-balance/1]" time="0.001" /><testcase classname="tests.test_components" name="test_storage_planning_execution_and_delivery_order[co2-ledger/1]" time="0.001" /><testcase classname="tests.test_components" name="test_reactor_fragment_heat_gases_and_commitment" time="0.002" /><testcase classname="tests.test_components" name="test_unit_mismatch_and_unknown_implementation_fail_closed" time="0.000" /><testcase classname="tests.test_components" name="test_whole_plant_swap_records_and_what_if[False]" time="0.630" /><testcase classname="tests.test_components" name="test_whole_plant_swap_records_and_what_if[True]" time="0.570" /><testcase classname="tests.test_components" name="test_component_parameter_ranges_match_generated_metadata" time="0.000" /><testcase classname="tests.test_computation_studies" name="test_distinct_repeats_keep_seeds_and_numerical_inputs_and_apply_only_declared_budgets" time="0.056" /><testcase classname="tests.test_computation_studies" name="test_changed_plant_basis_changes_equations_and_keeps_explicit_weather_scope" time="0.045" /><testcase classname="tests.test_computation_studies" name="test_detailed_solar_cannot_silently_change_the_declared_dc_experiment[True]" time="0.001" /><testcase classname="tests.test_computation_studies" name="test_detailed_solar_cannot_silently_change_the_declared_dc_experiment[False]" time="0.001" /><testcase classname="tests.test_computation_studies" name="test_qualification_settings_reject_ambiguous_repetitions_and_tolerances[repetitions-1]" time="0.000" /><testcase classname="tests.test_computation_studies" name="test_qualification_settings_reject_ambiguous_repetitions_and_tolerances[repetitions-True]" time="0.000" /><testcase classname="tests.test_computation_studies" name="test_qualification_settings_reject_ambiguous_repetitions_and_tolerances[repetitions-2.5]" time="0.000" /><testcase classname="tests.test_computation_studies" name="test_qualification_settings_reject_ambiguous_repetitions_and_tolerances[absolute_tolerance-nan]" time="0.000" /><testcase classname="tests.test_computation_studies" name="test_qualification_settings_reject_ambiguous_repetitions_and_tolerances[absolute_tolerance-0]" time="0.000" /><testcase classname="tests.test_computation_studies" name="test_incomplete_or_unmatched_repeats_cannot_appear_stable" time="0.009" /><testcase classname="tests.test_computation_studies" name="test_study_execution_seals_repeatability_evidence_and_preserves_cancel_resume" time="8.239" /><testcase classname="tests.test_conditional_work" name="test_guarded_reset_keeps_missing_observation_and_cannot_be_executed" time="0.008" /><testcase classname="tests.test_conditional_work" name="test_qualified_response_lead_begins_when_the_conditional_request_becomes_known" time="0.002" /><testcase classname="tests.test_conditional_work" name="test_premature_stale_or_open_findings_do_not_permit_a_reset" time="0.001" /><testcase classname="tests.test_conditional_work" name="test_conditional_work_respects_existing_stock_isolation_and_horizon" time="0.001" /><testcase classname="tests.test_conditional_work" name="test_scenario_commands_can_differ_only_after_the_recorded_information_boundary" time="0.006" /><testcase classname="tests.test_conditional_work" name="test_separate_future_crew_departures_need_an_observed_return_even_with_enough_stock" time="0.001" /><testcase classname="tests.test_conditional_work" name="test_conditional_projection_keeps_accepted_cleaning_and_requires_its_original_radiation" time="0.004" /><testcase classname="tests.test_conditional_work" name="test_mobile_read_outcome_projection_matches_actual_energy_cost_and_stranding[False]" time="0.009" /><testcase classname="tests.test_conditional_work" name="test_mobile_read_outcome_projection_matches_actual_energy_cost_and_stranding[True]" time="0.009" /><testcase classname="tests.test_crew_return" name="test_return_does_not_complete_abandoned_work_or_create_a_new_visit" time="0.007" /><testcase classname="tests.test_crew_return" name="test_return_cannot_invent_available_labour[changes0-crew-hours]" time="0.003" /><testcase classname="tests.test_crew_return" name="test_return_cannot_invent_available_labour[changes1-fit a declared shift]" time="0.003" /><testcase classname="tests.test_crew_return" name="test_remaining_route_cuts_only_the_untravelled_fraction_without_work" time="0.001" /><testcase classname="tests.test_crew_return" name="test_second_interruption_keeps_both_original_location_obligations" time="0.005" /><testcase classname="tests.test_crew_return" name="test_interrupted_packing_or_arrival_can_retry_from_its_actual_position[1-1]" time="0.003" /><testcase classname="tests.test_crew_return" name="test_interrupted_packing_or_arrival_can_retry_from_its_actual_position[2.25-0]" time="0.003" /><testcase classname="tests.test_crew_return" name="test_complete_portable_trace_reconciles_return_and_costs" time="0.648" /><testcase classname="tests.test_crew_return" name="test_independent_reference_rejects_forged_return[duration]" time="0.113" /><testcase classname="tests.test_crew_return" name="test_independent_reference_rejects_forged_return[arrival]" time="0.130" /><testcase classname="tests.test_crew_return" name="test_independent_reference_rejects_forged_return[origins]" time="0.118" /><testcase classname="tests.test_crew_return" name="test_configuration_is_opt_in_and_strict" time="0.000" /><testcase classname="tests.test_crew_return" name="test_return_from_interrupted_shared_visit_preserves_all_jobs_and_cargo" time="1.335" /><testcase classname="tests.test_crew_return" name="test_return_policy_only_reads_observed_work_not_future_faults" time="0.007" /><testcase classname="tests.test_duration_population" name="test_completed_likelihood_marginalises_job_noise_and_groups_phases" time="0.001" /><testcase classname="tests.test_duration_population" name="test_censoring_is_replaced_and_not_counted_twice_for_active_prediction" time="0.001" /><testcase classname="tests.test_duration_population" name="test_mixture_quantile_handles_overlapping_uniforms_and_atoms" time="0.000" /><testcase classname="tests.test_duration_population" name="test_explicit_support_rejects_unbounded_or_incompatible_evidence" time="0.000" /><testcase classname="tests.test_duration_population" name="test_private_equipment_and_job_clocks_reconcile_without_early_information" time="1.492" /><testcase classname="tests.test_duration_population" name="test_job_draws_ignore_candidate_search_and_change_only_for_accepted_requests" time="0.002" /><testcase classname="tests.test_duration_population" name="test_calibration_holdout_does_not_select_the_model_and_rejects_truth_inference" time="0.005" /><testcase classname="tests.test_duration_population" name="test_null_planner_reuses_nominal_candidate_without_a_second_solve" time="0.001" /><testcase classname="tests.test_duration_population" name="test_equipment_job_bundle_has_independent_offline_checker" time="3.753" /><testcase classname="tests.test_duration_population" name="test_job_clock_scales_optical_coverage_and_brush_use_together[0]" time="0.536" /><testcase classname="tests.test_duration_population" name="test_job_clock_scales_optical_coverage_and_brush_use_together[1]" time="0.499" /><testcase classname="tests.test_economics" name="test_purchase_bill_is_counted_once_with_stack_inside_system_price" time="0.000" /><testcase classname="tests.test_economics" name="test_water_litres_to_cubic_metres_and_per_kg_consumables" time="1.018" /><testcase classname="tests.test_economics" name="test_annual_cost_is_prorated_to_recorded_hours_without_projecting_hydrogen" time="0.000" /><testcase classname="tests.test_economics" name="test_replaceable_capital_uses_calendar_or_usage_never_both" time="0.000" /><testcase classname="tests.test_economics" name="test_extra_start_wear_changes_cost_but_not_the_physical_trace" time="0.002" /><testcase classname="tests.test_economics" name="test_incident_budget_is_one_event_not_a_per_hour_charge[34-8-0.3-800]" time="0.001" /><testcase classname="tests.test_economics" name="test_incident_budget_is_one_event_not_a_per_hour_charge[34-24-0.3-800]" time="0.001" /><testcase classname="tests.test_economics" name="test_incident_budget_is_one_event_not_a_per_hour_charge[72-8-0.3-0]" time="0.001" /><testcase classname="tests.test_economics" name="test_incident_budget_is_one_event_not_a_per_hour_charge[34-0-0.3-0]" time="0.001" /><testcase classname="tests.test_economics" name="test_incident_budget_is_one_event_not_a_per_hour_charge[34-8-1-0]" time="0.001" /><testcase classname="tests.test_economics" name="test_incident_budget_is_one_event_not_a_per_hour_charge[0-8-0-800]" time="0.002" /><testcase classname="tests.test_economics" name="test_zero_production_has_no_defined_cost_per_kg" time="0.100" /><testcase classname="tests.test_economics" name="test_cost_totals_reconcile_and_energy_losses_are_not_extra_invoices" time="0.000" /><testcase classname="tests.test_economics" name="test_sensitivity_ranges_are_labelled_and_no_schedule_changes" time="0.003" /><testcase classname="tests.test_economics" name="test_battery_study_holds_weather_fixed_and_starts_all_candidates_empty" time="4.341" /><testcase classname="tests.test_economics" name="test_export_contains_actual_assumptions_and_costs" time="0.013" /><testcase classname="tests.test_economics" name="test_invalid_cost_assumptions_are_rejected[kwargs0]" time="0.000" /><testcase classname="tests.test_economics" name="test_invalid_cost_assumptions_are_rejected[kwargs1]" time="0.000" /><testcase classname="tests.test_economics" name="test_invalid_cost_assumptions_are_rejected[kwargs2]" time="0.000" /><testcase classname="tests.test_economics" name="test_invalid_cost_assumptions_are_rejected[kwargs3]" time="0.000" /><testcase classname="tests.test_economics" name="test_cost_playhead_reconciles_at_end_and_starts_empty" time="0.004" /><testcase classname="tests.test_economics" name="test_cost_playhead_does_not_reveal_future_faults_or_production" time="0.005" /><testcase classname="tests.test_engineering" name="test_pre_refactor_physical_fixture" time="0.008" /><testcase classname="tests.test_engineering" name="test_thermal_independent_ode_and_substeps" time="0.095" /><testcase classname="tests.test_engineering" name="test_zero_heat_loss_and_known_cooling" time="0.000" /><testcase classname="tests.test_engineering" name="test_reactor_abstract_transition_conformance" time="0.001" /><testcase classname="tests.test_engineering" name="test_audits_survive_invalid_actions" time="0.000" /><testcase classname="tests.test_engineering" name="test_integrity_input_identity_and_legacy_policy" time="0.345" /><testcase classname="tests.test_engineering" name="test_independent_archive_audit_rejects_resealed_corruption" time="0.186" /><testcase classname="tests.test_engineering" name="test_invalid_trace_preserves_prefix" time="0.186" /><testcase classname="tests.test_engineering" name="test_generated_operating_sequences" time="0.155" /><testcase classname="tests.test_engineering" name="test_solver_outcomes_and_invalid_incumbent" time="0.000" /><testcase classname="tests.test_engineering" name="test_preview_transport_isolated_and_scoped" time="0.204" /><testcase classname="tests.test_engineering" name="test_archive_audit_reports_impossible_action" time="0.175" /><testcase classname="tests.test_engineering" name="test_nonfinite_transition_input_is_auditable" time="0.000" /><testcase classname="tests.test_engineering" name="test_complete_archive_cannot_omit_intervals" time="0.174" /><testcase classname="tests.test_engineering" name="test_invalid_physical_candidate_enters_feasible_fallback" time="0.008" /><testcase classname="tests.test_engineering" name="test_invalid_greedy_candidate_returns_explicit_safe_off" time="0.006" /><testcase classname="tests.test_field_operations" name="test_persistent_fault_ignores_duration_and_reset_cannot_repair_damage[0]" time="0.000" /><testcase classname="tests.test_field_operations" name="test_persistent_fault_ignores_duration_and_reset_cannot_repair_damage[1]" time="0.000" /><testcase classname="tests.test_field_operations" name="test_persistent_fault_ignores_duration_and_reset_cannot_repair_damage[12]" time="0.000" /><testcase classname="tests.test_field_operations" name="test_explicit_transient_and_old_configuration_keep_exact_expiry" time="0.000" /><testcase classname="tests.test_field_operations" name="test_reset_does_not_clear_a_biased_flow_channel" time="0.000" /><testcase classname="tests.test_field_operations" name="test_cleaning_delayed_effect_and_independent_energy_arithmetic" time="0.001" /><testcase classname="tests.test_field_operations" name="test_cleaning_failure_or_block_does_not_remove_soiling[change0-failed]" time="0.001" /><testcase classname="tests.test_field_operations" name="test_cleaning_failure_or_block_does_not_remove_soiling[change1-queued]" time="0.001" /><testcase classname="tests.test_field_operations" name="test_cleaning_failure_or_block_does_not_remove_soiling[change2-queued]" time="0.001" /><testcase classname="tests.test_field_operations" name="test_repaired_run_balances_isolation_costs_and_no_early_trust" time="3.084" /><testcase classname="tests.test_field_operations" name="test_fault_truth_and_cost_repricing_do_not_leak_into_whatif" time="0.224" /><testcase classname="tests.test_field_operations" name="test_no_diagnosis_means_no_magic_inspection_or_service" time="0.001" /><testcase classname="tests.test_field_operations" name="test_failed_human_service_consumes_resources_without_repair" time="0.001" /><testcase classname="tests.test_field_operations" name="test_inspection_only_changes_information_until_reset_executes" time="0.004" /><testcase classname="tests.test_field_studies" name="test_repeated_identical_inputs_keep_distinct_case_archives_and_publication_gate" time="3.881" /><testcase classname="tests.test_field_studies" name="test_support_protocol_matches_physics_separately_from_recovery_permission" time="0.019" /><testcase classname="tests.test_field_studies" name="test_field_resolution_freezes_separate_arms_and_shared_background" time="0.062" /><testcase classname="tests.test_field_studies" name="test_arm_cannot_gain_an_unmatched_environment_or_unknown_defaults[scenario.seed-99-shared plant/weather]" time="0.003" /><testcase classname="tests.test_field_studies" name="test_arm_cannot_gain_an_unmatched_environment_or_unknown_defaults[faults.capacity_cause-resettable-trip-shared plant/weather]" time="0.003" /><testcase classname="tests.test_field_studies" name="test_arm_cannot_gain_an_unmatched_environment_or_unknown_defaults[faults.hardware_model-actuator-interlock/1-shared plant/weather]" time="0.003" /><testcase classname="tests.test_field_studies" name="test_arm_cannot_gain_an_unmatched_environment_or_unknown_defaults[field_operations.enabled-False-environmental mechanism]" time="0.003" /><testcase classname="tests.test_field_studies" name="test_arm_cannot_gain_an_unmatched_environment_or_unknown_defaults[field_operations.initial_soiling_fraction-0.01-shared environmental]" time="0.003" /><testcase classname="tests.test_field_studies" name="test_arm_cannot_gain_an_unmatched_environment_or_unknown_defaults[service_system.initial_damage_fraction-0.2-shared environmental]" time="0.003" /><testcase classname="tests.test_field_studies" name="test_arm_cannot_gain_an_unmatched_environment_or_unknown_defaults[service_system.outcome_randomness-target-action-request/1-shared environmental]" time="0.003" /><testcase classname="tests.test_field_studies" name="test_arm_cannot_gain_an_unmatched_environment_or_unknown_defaults[service_system.nonexistent-7-Unknown study parameter]" time="0.003" /><testcase classname="tests.test_field_studies" name="test_duplicate_ids_and_partial_policies_are_rejected" time="0.002" /><testcase classname="tests.test_field_studies" name="test_field_preview_is_scoped_and_does_not_reuse_the_battery_resolver" time="0.017" /><testcase classname="tests.test_field_studies" name="test_field_editions_execute_cancel_resume_trace_reproduce_and_export" time="11.804" /><testcase classname="tests.test_field_studies" name="test_missing_or_unmatched_cases_cannot_enter_a_difference" time="0.110" /><testcase classname="tests.test_field_studies" name="test_all_field_questions_freeze_valid_matched_cases_at_every_tier[field-cleaning]" time="0.390" /><testcase classname="tests.test_field_studies" name="test_all_field_questions_freeze_valid_matched_cases_at_every_tier[field-information]" time="0.299" /><testcase classname="tests.test_field_studies" name="test_all_field_questions_freeze_valid_matched_cases_at_every_tier[field-support]" time="0.427" /><testcase classname="tests.test_field_studies" name="test_all_field_questions_freeze_valid_matched_cases_at_every_tier[field-provision]" time="0.383" /><testcase classname="tests.test_field_studies" name="test_all_field_questions_freeze_valid_matched_cases_at_every_tier[field-interface]" time="0.241" /><testcase classname="tests.test_field_studies" name="test_solar_transforms_preserve_geometry_and_expose_converter_assumption" time="0.000" /><testcase classname="tests.test_field_studies" name="test_question_report_preserves_undefined_and_defines_metric_scope" time="0.006" /><testcase classname="tests.test_field_studies" name="test_portable_arm_without_crew_is_rejected_before_saving_an_edition" time="0.005" /><testcase classname="tests.test_field_studies" name="test_ended_procedures_awaiting_acceptance_are_not_hidden[reset-awaiting verification-13.5-None-1]" time="0.000" /><testcase classname="tests.test_field_studies" name="test_ended_procedures_awaiting_acceptance_are_not_hidden[module-replacement-awaiting verification-27.0-None-1]" time="0.000" /><testcase classname="tests.test_field_studies" name="test_ended_procedures_awaiting_acceptance_are_not_hidden[flow-calibration-completed-0.0-None-1]" time="0.000" /><testcase classname="tests.test_field_studies" name="test_ended_procedures_awaiting_acceptance_are_not_hidden[hardware-replacement-completed-12.0-None-1]" time="0.000" /><testcase classname="tests.test_field_studies" name="test_ended_procedures_awaiting_acceptance_are_not_hidden[reset-awaiting verification-None-None-0]" time="0.000" /><testcase classname="tests.test_field_studies" name="test_ended_procedures_awaiting_acceptance_are_not_hidden[reset-verified-13.5-15-0]" time="0.000" /><testcase classname="tests.test_field_studies" name="test_ended_procedures_awaiting_acceptance_are_not_hidden[reset-completed-13.5-15-0]" time="0.000" /><testcase classname="tests.test_field_studies" name="test_ended_procedures_awaiting_acceptance_are_not_hidden[module-replacement-active-None-None-0]" time="0.000" /><testcase classname="tests.test_field_studies" name="test_ended_procedures_awaiting_acceptance_are_not_hidden[module-replacement-failed-13.5-None-0]" time="0.000" /><testcase classname="tests.test_field_studies" name="test_ended_procedures_awaiting_acceptance_are_not_hidden[module-replacement-cancelled-13.5-None-0]" time="0.000" /><testcase classname="tests.test_field_studies" name="test_ended_procedures_awaiting_acceptance_are_not_hidden[inspection-awaiting verification-13.5-None-0]" time="0.000" /><testcase classname="tests.test_field_studies" name="test_ended_procedures_awaiting_acceptance_are_not_hidden[cleaning-completed-13.5-None-0]" time="0.000" /><testcase classname="tests.test_field_studies" name="test_ended_procedures_awaiting_acceptance_are_not_hidden[routine-service-completed-13.5-None-0]" time="0.000" /><testcase classname="tests.test_field_studies" name="test_report_derivation_preserves_its_source_and_original_publications" time="0.417" /><testcase classname="tests.test_field_studies" name="test_portable_reference_arm_executes_and_audits_same_boundary_supply_abort" time="1.112" /><testcase classname="tests.test_hardware_physics" name="test_charger_fault_rejects_identical_request_with_or_without_recovery[False-none]" time="0.001" /><testcase classname="tests.test_hardware_physics" name="test_charger_fault_rejects_identical_request_with_or_without_recovery[False-logistics/1]" time="0.001" /><testcase classname="tests.test_hardware_physics" name="test_charger_fault_rejects_identical_request_with_or_without_recovery[True-logistics/1]" time="0.002" /><testcase classname="tests.test_hardware_physics" name="test_fault_truth_does_not_change_the_prior_charge_selection" time="0.002" /><testcase classname="tests.test_hardware_physics" name="test_legacy_archives_retain_explicitly_old_recovery_gating" time="0.003" /><testcase classname="tests.test_hardware_physics" name="test_retrieval_and_a_lucky_test_do_not_repair_the_drive" time="1.141" /><testcase classname="tests.test_hardware_physics" name="test_mobile_inspector_power_loss_is_not_exempt_from_independent_physics" time="1.495" /><testcase classname="tests.test_hardware_physics" name="test_incompatible_runtime_model_is_explicit_instead_of_silently_ignoring_faults" time="0.001" /><testcase classname="tests.test_hardware_physics" name="test_other_actuators_also_fail_without_the_recovery_workflow[control-hold-cleaner]" time="1.149" /><testcase classname="tests.test_hardware_physics" name="test_other_actuators_also_fail_without_the_recovery_workflow[pump-power-loss-portable]" time="1.076" /><testcase classname="tests.test_hardware_physics" name="test_other_actuators_also_fail_without_the_recovery_workflow[charger-power-loss-dock]" time="1.168" /><testcase classname="tests.test_hardware_physics" name="test_independent_audit_rejects_work_with_fault_even_without_failure_receipts" time="0.208" /><testcase classname="tests.test_hardware_physics" name="test_independent_audit_rejects_false_post_retrieval_readiness" time="0.249" /><testcase classname="tests.test_inspection_sensing" name="test_reference_correction_and_decision_bands_match_independent_arithmetic" time="0.000" /><testcase classname="tests.test_inspection_sensing" name="test_named_noise_has_no_dependence_on_another_reader_or_task_draw" time="0.000" /><testcase classname="tests.test_inspection_sensing" name="test_physical_drift_is_continuous_and_contact_fault_persists_through_reset" time="0.000" /><testcase classname="tests.test_inspection_sensing" name="test_packets_publish_after_delay_and_do_not_become_fresh_when_read_again" time="0.000" /><testcase classname="tests.test_inspection_sensing" name="test_dual_reference_disagreement_stays_ambiguous" time="0.000" /><testcase classname="tests.test_inspection_sensing" name="test_contact_between_bands_is_not_a_failed_reader_reference" time="0.000" /><testcase classname="tests.test_inspection_sensing" name="test_recorded_intervention_invalidates_even_a_delayed_preprocedure_sample[0]" time="0.000" /><testcase classname="tests.test_inspection_sensing" name="test_recorded_intervention_invalidates_even_a_delayed_preprocedure_sample[3]" time="0.000" /><testcase classname="tests.test_inspection_sensing" name="test_reset_invalidates_contact_evidence_without_repairing_the_reader" time="8.154" /><testcase classname="tests.test_inspection_sensing" name="test_reader_drift_and_dropout_are_isolated_without_changing_plant_estimate_directly" time="0.018" /><testcase classname="tests.test_inspection_sensing" name="test_old_contact_evidence_does_not_trigger_substitution_during_consistent_reset_recovery" time="0.000" /><testcase classname="tests.test_inspection_sensing" name="test_shared_contact_failure_survives_reset_and_requires_process_evidence_for_escalation" time="0.007" /><testcase classname="tests.test_inspection_sensing" name="test_changed_contact_has_different_acquisition_times_and_does_not_select_reset" time="0.007" /><testcase classname="tests.test_inspection_sensing" name="test_delayed_stale_or_blocked_inspection_keeps_unresolved_evidence_and_wait_limit" time="0.010" /><testcase classname="tests.test_inspection_sensing" name="test_future_reader_fault_does_not_change_earlier_decisions_or_public_observations" time="1.131" /><testcase classname="tests.test_inspection_sensing" name="test_independent_checker_rejects_forged_measurements_and_explanations[raw]" time="0.160" /><testcase classname="tests.test_inspection_sensing" name="test_independent_checker_rejects_forged_measurements_and_explanations[classification]" time="0.158" /><testcase classname="tests.test_inspection_sensing" name="test_independent_checker_rejects_forged_measurements_and_explanations[early-publication]" time="0.164" /><testcase classname="tests.test_inspection_sensing" name="test_independent_checker_rejects_forged_measurements_and_explanations[display]" time="0.160" /><testcase classname="tests.test_inspection_sensing" name="test_independent_checker_rejects_forged_measurements_and_explanations[fusion]" time="0.223" /><testcase classname="tests.test_inspection_sensing" name="test_independent_checker_rejects_forged_measurements_and_explanations[omitted-packet]" time="0.154" /><testcase classname="tests.test_inspection_sensing" name="test_independent_checker_rejects_forged_measurements_and_explanations[intervention-cutoff]" time="0.156" /><testcase classname="tests.test_inspection_sensing" name="test_independent_checker_rejects_forged_measurements_and_explanations[preprocedure-as-current]" time="0.157" /><testcase classname="tests.test_inspection_sensing" name="test_independent_checker_rejects_forged_measurements_and_explanations[reader-reference]" time="0.160" /><testcase classname="tests.test_inspection_sensing" name="test_configuration_and_economic_limits_are_explicit" time="0.000" /><testcase classname="tests.test_investigation_alternatives" name="test_every_arm_uses_original_inputs_and_preserves_recorded_choice" time="0.369" /><testcase classname="tests.test_investigation_alternatives" name="test_expected_costs_and_inventories_reconcile_without_double_charging" time="0.000" /><testcase classname="tests.test_investigation_alternatives" name="test_later_truth_receipts_and_repricing_cannot_enter_original_packet" time="0.086" /><testcase classname="tests.test_investigation_alternatives" name="test_missing_original_and_later_selection_request_are_explicit" time="0.044" /><testcase classname="tests.test_investigation_alternatives" name="test_inconsistent_original_records_are_rejected[price]" time="0.026" /><testcase classname="tests.test_investigation_alternatives" name="test_inconsistent_original_records_are_rejected[state]" time="0.028" /><testcase classname="tests.test_investigation_alternatives" name="test_inconsistent_original_records_are_rejected[identity]" time="0.026" /><testcase classname="tests.test_investigation_alternatives" name="test_inconsistent_original_records_are_rejected[policy]" time="0.027" /><testcase classname="tests.test_investigation_alternatives" name="test_unknown_and_stale_alternatives_and_changed_packets_are_rejected" time="0.037" /><testcase classname="tests.test_investigation_alternatives" name="test_incomplete_branches_are_not_renormalized_and_requirement_remains_visible" time="0.010" /><testcase classname="tests.test_investigation_alternatives" name="test_real_transport_worker_isolated_and_same_generation_cannot_change_choices" time="0.805" /><testcase classname="tests.test_investigation_belief" name="test_contact_cannot_distinguish_latch_from_stuck_contact_or_upgrade_process_capacity" time="0.001" /><testcase classname="tests.test_investigation_belief" name="test_future_finding_branches_have_independent_bayes_weights_and_explicit_timing" time="0.000" /><testcase classname="tests.test_investigation_belief" name="test_missing_old_or_pre_intervention_measurements_do_not_become_healthy_evidence" time="0.001" /><testcase classname="tests.test_investigation_belief" name="test_unsupported_packet_does_not_get_an_arbitrary_probability_floor" time="0.001" /><testcase classname="tests.test_investigation_belief" name="test_hypothesis_restoration_matches_separate_execution_mechanism[resettable-trip]" time="0.000" /><testcase classname="tests.test_investigation_belief" name="test_hypothesis_restoration_matches_separate_execution_mechanism[equipment-damage]" time="0.000" /><testcase classname="tests.test_investigation_belief" name="test_hypothesis_restoration_matches_separate_execution_mechanism[damage-and-stuck-contact]" time="0.000" /><testcase classname="tests.test_investigation_belief" name="test_likelihood_exposes_reference_rejection_and_finite_quadrature" time="0.000" /><testcase classname="tests.test_investigation_belief" name="test_conflicting_operands_bad_units_and_changed_belief_identity_are_rejected" time="0.000" /><testcase classname="tests.test_investigation_continuation" name="test_consensus_retains_both_latent_outcomes_and_original_prediction" time="0.000" /><testcase classname="tests.test_investigation_continuation" name="test_unavailable_or_unsupported_handoffs_are_rejected[future reading]" time="0.000" /><testcase classname="tests.test_investigation_continuation" name="test_unavailable_or_unsupported_handoffs_are_rejected[future availability]" time="0.000" /><testcase classname="tests.test_investigation_continuation" name="test_unavailable_or_unsupported_handoffs_are_rejected[different finding]" time="0.000" /><testcase classname="tests.test_investigation_continuation" name="test_unavailable_or_unsupported_handoffs_are_rejected[missing evidence]" time="0.000" /><testcase classname="tests.test_investigation_continuation" name="test_unavailable_or_unsupported_handoffs_are_rejected[future request]" time="0.000" /><testcase classname="tests.test_investigation_continuation" name="test_unavailable_or_unsupported_handoffs_are_rejected[expired deadline]" time="0.000" /><testcase classname="tests.test_investigation_continuation" name="test_followup_requires_actual_interruption_or_distinct_eligible_shortfalls" time="0.000" /><testcase classname="tests.test_investigation_continuation" name="test_bounded_comparison_preserves_common_requested_test_load" time="0.157" /><testcase classname="tests.test_investigation_continuation" name="test_completion_includes_later_shared_jobs_and_observed_return_in_saved_context" time="0.024" /><testcase classname="tests.test_investigation_continuation" name="test_actual_finding_commissions_work_before_accepting_its_test" time="5.655" /><testcase classname="tests.test_investigation_continuation" name="test_policy_requires_joint_scheduler_and_default_absence_survives" time="0.001" /><testcase classname="tests.test_investigation_continuation" name="test_original_information_alternatives_keep_the_work_return_prerequisite" time="2.189" /><testcase classname="tests.test_investigation_examples" name="test_learning_packet_round_trip_is_immutable_and_carries_no_private_fault_inputs[fixed-reader-complete]" time="0.183" /><testcase classname="tests.test_investigation_examples" name="test_learning_packet_round_trip_is_immutable_and_carries_no_private_fault_inputs[late-crew-incomplete]" time="0.014" /><testcase classname="tests.test_investigation_examples" name="test_changed_packet_is_rejected_and_different_original_source_is_labelled" time="0.181" /><testcase classname="tests.test_investigation_planning" name="test_inspection_changes_remedy_only_after_arrival_without_observing_repair_success" time="0.166" /><testcase classname="tests.test_investigation_planning" name="test_every_possible_finding_needs_a_feasible_continuation_without_renormalizing" time="0.006" /><testcase classname="tests.test_investigation_planning" name="test_private_physical_state_is_not_an_input_and_mobile_interruption_retains_recovery_work" time="0.422" /><testcase classname="tests.test_investigator" name="test_config_and_policy_roundtrip_preserve_original_absence" time="0.001" /><testcase classname="tests.test_investigator" name="test_invalid_policy_is_rejected[risk_weight-nan]" time="0.000" /><testcase classname="tests.test_investigator" name="test_invalid_policy_is_rejected[comparison_seconds-True]" time="0.000" /><testcase classname="tests.test_investigator" name="test_invalid_policy_is_rejected[minimum_restoration_probability-1.1]" time="0.000" /><testcase classname="tests.test_investigator" name="test_invalid_policy_is_rejected[observation_wait_hours-1.5]" time="0.000" /><testcase classname="tests.test_investigator" name="test_invalid_policy_is_rejected[reader-camera]" time="0.000" /><testcase classname="tests.test_investigator" name="test_preview_does_not_commission_work_or_reserve_resources" time="0.003" /><testcase classname="tests.test_investigator" name="test_delegation_preserves_local_baseline_requests" time="0.002" /><testcase classname="tests.test_investigator" name="test_only_commissioned_readers_count_and_unrequested_packets_do_not_authorise_reset" time="0.001" /><testcase classname="tests.test_investigator" name="test_reset_test_tracker_is_opt_in_and_requires_real_repeated_tests" time="0.002" /><testcase classname="tests.test_investigator" name="test_unresolved_comparison_creates_no_live_requests_and_deadline_does_not_move" time="0.007" /><testcase classname="tests.test_investigator" name="test_actual_finding_precedes_reset_and_completed_read_is_not_recovery" time="4.786" /><testcase classname="tests.test_investigator" name="test_actual_run_physics_and_original_frozen_policy_are_recorded" time="0.018" /><testcase classname="tests.test_investigator" name="test_display_keeps_summary_and_pointer_without_repeating_branch_payloads" time="0.023" /><testcase classname="tests.test_investigator" name="test_followup_changes_remedy_after_actual_failed_tests" time="6.821" /><testcase classname="tests.test_jobs" name="test_isolated_worker_preserves_identity_and_reference" time="0.824" /><testcase classname="tests.test_jobs" name="test_worker_cancel_is_explicit" time="0.719" /><testcase classname="tests.test_joint_recovery" name="test_joint_charge_moves_out_of_accepted_test_window_and_reconciles_independently" time="0.012" /><testcase classname="tests.test_joint_recovery" name="test_shared_energy_limits_cannot_be_evaded_by_a_delivery_branch[deadline]" time="0.002" /><testcase classname="tests.test_joint_recovery" name="test_shared_energy_limits_cannot_be_evaded_by_a_delivery_branch[return-reserve]" time="0.002" /><testcase classname="tests.test_joint_recovery" name="test_shared_energy_limits_cannot_be_evaded_by_a_delivery_branch[no-solar]" time="0.002" /><testcase classname="tests.test_joint_recovery" name="test_shared_energy_limits_cannot_be_evaded_by_a_delivery_branch[unavailable]" time="0.002" /><testcase classname="tests.test_joint_recovery" name="test_future_window_is_retained_then_consumed_by_real_consecutive_evidence" time="0.000" /><testcase classname="tests.test_joint_recovery" name="test_failed_tracking_receipts_and_unresolved_continuation_do_not_roll_deadlines" time="0.000" /><testcase classname="tests.test_joint_recovery" name="test_stale_acceptance_and_future_receipts_are_rejected_or_unavailable" time="0.000" /><testcase classname="tests.test_joint_recovery" name="test_joint_candidate_is_accepted_through_real_service_port_without_early_charging" time="0.019" /><testcase classname="tests.test_joint_recovery" name="test_executed_joint_policy_records_one_consistent_plan_and_independent_checks" time="1.748" /><testcase classname="tests.test_joint_recovery" name="test_recorded_process_and_service_alternatives_preserve_joint_test" time="0.581" /><testcase classname="tests.test_joint_recovery" name="test_joint_policy_requires_a_service_controller" time="0.000" /><testcase classname="tests.test_joint_recovery" name="test_automatic_all_strategy_comparison_records_the_greedy_boundary_explicitly" time="0.474" /><testcase classname="tests.test_joint_recovery" name="test_later_fault_schedule_cannot_change_earlier_joint_decisions" time="1.173" /><testcase classname="tests.test_learning" name="test_each_essay_has_executable_default_and_bound_controls[battery]" time="0.019" /><testcase classname="tests.test_learning" name="test_each_essay_has_executable_default_and_bound_controls[solar]" time="0.021" /><testcase classname="tests.test_learning" name="test_each_essay_has_executable_default_and_bound_controls[electrolyser]" time="0.019" /><testcase classname="tests.test_learning" name="test_each_essay_has_executable_default_and_bound_controls[hydrogen]" time="0.019" /><testcase classname="tests.test_learning" name="test_each_essay_has_executable_default_and_bound_controls[co2]" time="0.019" /><testcase classname="tests.test_learning" name="test_each_essay_has_executable_default_and_bound_controls[reactor]" time="0.019" /><testcase classname="tests.test_learning" name="test_each_essay_has_executable_default_and_bound_controls[bus]" time="0.032" /><testcase classname="tests.test_learning" name="test_each_essay_has_executable_default_and_bound_controls[weather]" time="0.019" /><testcase classname="tests.test_learning" name="test_each_essay_has_executable_default_and_bound_controls[diagnosis]" time="0.020" /><testcase classname="tests.test_learning" name="test_each_essay_has_executable_default_and_bound_controls[controllers]" time="0.111" /><testcase classname="tests.test_learning" name="test_each_essay_has_executable_default_and_bound_controls[economics]" time="0.024" /><testcase classname="tests.test_learning" name="test_each_essay_has_executable_default_and_bound_controls[experiments]" time="0.022" /><testcase classname="tests.test_learning" name="test_battery_independent_balance_swap_and_round_trip" time="0.034" /><testcase classname="tests.test_learning" name="test_independent_gas_and_electrolysis_examples" time="0.040" /><testcase classname="tests.test_learning" name="test_independent_thermal_first_interval_and_chemistry" time="0.021" /><testcase classname="tests.test_learning" name="test_forecast_availability_missing_and_dst" time="0.027" /><testcase classname="tests.test_learning" name="test_diagnosis_cases_and_future_isolation" time="0.038" /><testcase classname="tests.test_learning" name="test_repricing_keeps_trace_and_no_double_allowances" time="0.051" /><testcase classname="tests.test_learning" name="test_comparison_boundaries_and_solver_scope" time="0.132" /><testcase classname="tests.test_learning" name="test_review_freshness_and_missing_identity" time="0.051" /><testcase classname="tests.test_learning" name="test_run_lineage_preserves_archive_and_marks_missing_snapshot" time="0.669" /><testcase classname="tests.test_learning" name="test_documentation_bundle_is_readable_and_keeps_original_versions" time="1.787" /><testcase classname="tests.test_learning" name="test_learning_service_cancellation_before_worker_start_and_context_access" time="0.012" /><testcase classname="tests.test_lineage" name="test_every_record_node_resolves_and_is_detached" time="0.623" /><testcase classname="tests.test_lineage" name="test_cost_nodes_resolve_reconcile_and_repricing_preserves_dispatch" time="0.068" /><testcase classname="tests.test_lineage" name="test_derived_trace_and_legacy_unavailability" time="0.065" /><testcase classname="tests.test_lineage" name="test_resealed_component_record_corruption_detected" time="0.119" /><testcase classname="tests.test_lineage" name="test_repricing_reports_current_allocator_not_original_source" time="0.066" /><testcase classname="tests.test_local_service_policy" name="test_complete_pass_recurrence_and_no_early_credit" time="0.696" /><testcase classname="tests.test_local_service_policy" name="test_rules_share_optical_mechanics_and_record_original_inputs[off]" time="0.910" /><testcase classname="tests.test_local_service_policy" name="test_rules_share_optical_mechanics_and_record_original_inputs[condition]" time="0.962" /><testcase classname="tests.test_local_service_policy" name="test_rules_share_optical_mechanics_and_record_original_inputs[periodic]" time="0.953" /><testcase classname="tests.test_local_service_policy" name="test_partial_work_and_empty_supplies_do_not_advance_cadence" time="0.970" /><testcase classname="tests.test_local_service_policy" name="test_periodic_uses_declared_clock_even_on_clean_surface_and_no_future_fault_truth" time="1.020" /><testcase classname="tests.test_local_service_policy" name="test_enclosed_contact_selects_human_procedure_without_fake_reader_evidence[bounded-contact/1]" time="0.994" /><testcase classname="tests.test_local_service_policy" name="test_enclosed_contact_selects_human_procedure_without_fake_reader_evidence[referenced-contact/1]" time="1.039" /><testcase classname="tests.test_local_service_policy" name="test_accessible_port_acquires_evidence_and_direct_incompatible_build_is_blocked" time="0.982" /><testcase classname="tests.test_local_service_policy" name="test_invalid_rules_and_fractional_input_contracts" time="0.000" /><testcase classname="tests.test_local_service_policy" name="test_period_outcomes_are_independently_checked_and_missing_is_not_zero" time="0.105" /><testcase classname="tests.test_methane" name="test_analytic_warmup_cooling_and_reaction" time="0.000" /><testcase classname="tests.test_methane" name="test_stoichiometry_and_recorded_delivery_rejection" time="0.000" /><testcase classname="tests.test_methane" name="test_execution_clips_requests_preserving_limits[state0]" time="0.008" /><testcase classname="tests.test_methane" name="test_execution_clips_requests_preserving_limits[state1]" time="0.003" /><testcase classname="tests.test_methane" name="test_execution_clips_requests_preserving_limits[state2]" time="0.007" /><testcase classname="tests.test_methane" name="test_cold_reactor_cannot_produce_even_with_feedstock" time="0.001" /><testcase classname="tests.test_methane" name="test_minimum_run_carried_and_no_heat_cool_arbitrage" time="0.010" /><testcase classname="tests.test_methane" name="test_small_analytic_case_planning_preserves_heat_and_feed" time="0.014" /><testcase classname="tests.test_methane" name="test_invalid_incumbent_is_rejected" time="0.000" /><testcase classname="tests.test_methane" name="test_infeasible_whatif_is_not_presented_as_success" time="0.001" /><testcase classname="tests.test_methane" name="test_diagnosis_two_informative_intervals_and_one_budget[capacity]" time="0.000" /><testcase classname="tests.test_methane" name="test_diagnosis_two_informative_intervals_and_one_budget[flow]" time="0.000" /><testcase classname="tests.test_methane" name="test_diagnosis_low_excitation_ambiguity_and_recovery" time="0.000" /><testcase classname="tests.test_methane" name="test_weather_preceding_hour_and_initial_null" time="0.000" /><testcase classname="tests.test_methane" name="test_vintage_availability_boundary_and_dst" time="0.000" /><testcase classname="tests.test_methane" name="test_offline_cache_and_missing_result" time="0.001" /><testcase classname="tests.test_methane" name="test_forecast_does_not_consult_future_reference" time="0.001" /><testcase classname="tests.test_methane" name="test_physical_balances_all_strategies" time="1.566" /><testcase classname="tests.test_methane" name="test_whatif_immutable_frozen_same_information" time="0.263" /><testcase classname="tests.test_methane" name="test_allocation_max_once_zero_output_and_reprice" time="0.110" /><testcase classname="tests.test_methane" name="test_future_fault_does_not_change_earlier_decisions" time="0.525" /><testcase classname="tests.test_methane" name="test_archive_version_and_matrix" time="0.534" /><testcase classname="tests.test_methane" name="test_cancelled_batch_keeps_unfinished_cases" time="0.003" /><testcase classname="tests.test_methane" name="test_economic_policy_responds_to_value_not_fixed_site_cost" time="0.026" /><testcase classname="tests.test_methane" name="test_full_physical_replay_rejects_inconsistent_incumbent" time="0.006" /><testcase classname="tests.test_methane" name="test_disabled_diagnosis_and_flow_recovery" time="0.000" /><testcase classname="tests.test_methane" name="test_greedy_probe_remains_local_and_does_not_spend_unconfirmed_hydrogen" time="0.020" /><testcase classname="tests.test_methane" name="test_playback_time_is_completed_interval_boundary" time="0.002" /><testcase classname="tests.test_offline_model" name="test_all_topics_retain_calculation_values_identity_and_original_inputs" time="0.423" /><testcase classname="tests.test_offline_model" name="test_exported_battery_operands_reconcile_independently" time="0.089" /><testcase classname="tests.test_offline_model" name="test_legacy_missing_explanations_and_examples_are_not_reconstructed" time="0.084" /><testcase classname="tests.test_offline_model" name="test_service_data_stays_complete_but_does_not_expand_into_the_overview" time="0.210" /><testcase classname="tests.test_offline_model" name="test_long_values_are_partitioned_and_escaped_without_truncation" time="0.002" /><testcase classname="tests.test_offline_model" name="test_study_relative_links_and_shared_renderer_source" time="0.162" /><testcase classname="tests.test_physics_and_control" name="test_solar_charge_discharge_accounts_for_roundtrip_losses" time="0.000" /><testcase classname="tests.test_physics_and_control" name="test_startup_energy_and_minimum_load_are_enforced" time="0.000" /><testcase classname="tests.test_physics_and_control" name="test_exact_energy_limit_for_a_small_planning_problem" time="0.009" /><testcase classname="tests.test_physics_and_control" name="test_paired_runs_obey_limits_and_conserve_energy[0-0-1-7]" time="0.275" /><testcase classname="tests.test_physics_and_control" name="test_paired_runs_obey_limits_and_conserve_energy[800-0-0.3-7]" time="0.765" /><testcase classname="tests.test_physics_and_control" name="test_paired_runs_obey_limits_and_conserve_energy[2000-0.5-0-19]" time="0.930" /><testcase classname="tests.test_physics_and_control" name="test_paired_runs_obey_limits_and_conserve_energy[100-1-1-2]" time="0.415" /><testcase classname="tests.test_physics_and_control" name="test_no_energy_means_no_hydrogen_for_either_controller" time="0.117" /><testcase classname="tests.test_physics_and_control" name="test_forecast_never_reads_future_realised_weather" time="0.001" /><testcase classname="tests.test_physics_and_control" name="test_seed_and_forecast_bias_do_not_change_realised_weather" time="0.000" /><testcase classname="tests.test_physics_and_control" name="test_future_fault_schedule_does_not_change_pre_fault_actions" time="2.247" /><testcase classname="tests.test_physics_and_control" name="test_missing_solver_solution_falls_back_to_a_feasible_rule" time="0.001" /><testcase classname="tests.test_physics_and_control" name="test_reject_invalid_physical_parameters" time="0.000" /><testcase classname="tests.test_portable_cleaning" name="test_wet_treatment_matches_independent_optical_expectation_without_repairing_damage" time="0.000" /><testcase classname="tests.test_portable_cleaning" name="test_setup_water_partial_work_effects_and_crew_time_reconcile" time="0.744" /><testcase classname="tests.test_portable_cleaning" name="test_water_delivery_preserves_litre_units_and_records_rejected_excess" time="0.000" /><testcase classname="tests.test_portable_cleaning" name="test_empty_water_does_not_silently_change_the_requested_treatment[dry]" time="0.628" /><testcase classname="tests.test_portable_cleaning" name="test_empty_water_does_not_silently_change_the_requested_treatment[wet]" time="0.880" /><testcase classname="tests.test_portable_cleaning" name="test_wet_work_blocks_in_cold_weather_and_unavailable_crew" time="1.473" /><testcase classname="tests.test_portable_cleaning" name="test_supply_does_not_repeat_deliveries_that_cannot_make_a_full_section_feasible" time="1.031" /><testcase classname="tests.test_portable_cleaning" name="test_partial_failure_keeps_water_and_treatment_and_does_not_reuse_stranded_crew" time="1.240" /><testcase classname="tests.test_portable_cleaning" name="test_row_and_portable_tools_share_exclusive_work_surfaces" time="1.420" /><testcase classname="tests.test_portable_cleaning" name="test_independent_checker_rejects_false_water_duration_or_brush_accounting[water_used_l-0]" time="0.242" /><testcase classname="tests.test_portable_cleaning" name="test_independent_checker_rejects_false_water_duration_or_brush_accounting[portable_hours-99]" time="0.162" /><testcase classname="tests.test_portable_cleaning" name="test_independent_checker_rejects_false_water_duration_or_brush_accounting[brush_wear_m2-500]" time="0.144" /><testcase classname="tests.test_portable_cleaning" name="test_portable_configuration_requires_its_mechanisms" time="0.003" /><testcase classname="tests.test_post_service_verification" name="test_residuals_match_independent_hourly_arithmetic_and_ignore_bad_flow_meter" time="0.001" /><testcase classname="tests.test_post_service_verification" name="test_low_activity_limits_and_ambiguity_do_not_authorise_another_repair[no probe-insufficient evidence]" time="0.000" /><testcase classname="tests.test_post_service_verification" name="test_low_activity_limits_and_ambiguity_do_not_authorise_another_repair[below estimate-insufficient evidence]" time="0.000" /><testcase classname="tests.test_post_service_verification" name="test_low_activity_limits_and_ambiguity_do_not_authorise_another_repair[isolated-inconclusive]" time="0.000" /><testcase classname="tests.test_post_service_verification" name="test_low_activity_limits_and_ambiguity_do_not_authorise_another_repair[power shortage-inconclusive]" time="0.001" /><testcase classname="tests.test_post_service_verification" name="test_low_activity_limits_and_ambiguity_do_not_authorise_another_repair[full hydrogen-inconclusive]" time="0.000" /><testcase classname="tests.test_post_service_verification" name="test_low_activity_limits_and_ambiguity_do_not_authorise_another_repair[disagreeing inventory-ambiguous]" time="0.001" /><testcase classname="tests.test_post_service_verification" name="test_low_activity_limits_and_ambiguity_do_not_authorise_another_repair[excess power-ambiguous]" time="0.001" /><testcase classname="tests.test_post_service_verification" name="test_low_activity_limits_and_ambiguity_do_not_authorise_another_repair[tracks-tracking supported]" time="0.001" /><testcase classname="tests.test_post_service_verification" name="test_noise_threshold_is_explicit_and_disabled_observation_is_not_healthy" time="0.001" /><testcase classname="tests.test_post_service_verification" name="test_actual_receipt_and_two_distinct_eligible_tests_are_required" time="0.002" /><testcase classname="tests.test_post_service_verification" name="test_probe_success_ambiguity_changed_load_and_evidence_age_reset_the_sequence" time="0.004" /><testcase classname="tests.test_post_service_verification" name="test_future_conflicting_and_modified_evidence_is_rejected" time="0.002" /><testcase classname="tests.test_post_service_verification" name="test_a_new_attempt_cannot_make_the_previous_failed_tests_a_success" time="0.002" /><testcase classname="tests.test_post_service_verification" name="test_capture_cannot_include_later_weather_applied_actions_or_private_repair_truth" time="0.000" /><testcase classname="tests.test_post_service_verification" name="test_policy_roundtrip_requires_explicit_test_protocol_and_preserves_old_defaults" time="0.001" /><testcase classname="tests.test_post_service_verification" name="test_actual_execution_repeats_a_failed_substitution_then_escalates_without_moving_deadline" time="4.302" /><testcase classname="tests.test_post_service_verification" name="test_runtime_followup_rechecks_current_completion_and_preserves_receipt" time="0.011" /><testcase classname="tests.test_post_service_verification" name="test_supported_tracking_is_confirmed_without_a_second_substitution" time="2.853" /><testcase classname="tests.test_post_service_verification" name="test_another_execution_requires_a_new_output_directory" time="0.001" /><testcase classname="tests.test_recovery" name="test_shared_request_can_produce_different_delivery_without_clairvoyant_action" time="0.005" /><testcase classname="tests.test_recovery" name="test_subminimum_delivery_is_off_and_does_not_invent_hydrogen" time="0.001" /><testcase classname="tests.test_recovery" name="test_battery_limit_makes_the_earliest_consecutive_window_infeasible" time="0.011" /><testcase classname="tests.test_recovery" name="test_full_hydrogen_buffer_and_cold_reactor_preclude_the_test" time="0.006" /><testcase classname="tests.test_recovery" name="test_only_actual_consecutive_observations_confirm_the_next_increment" time="0.018" /><testcase classname="tests.test_recovery" name="test_strict_confirmation_rejects_interrupted_or_inconsistent_sequences[not-probe]" time="0.000" /><testcase classname="tests.test_recovery" name="test_strict_confirmation_rejects_interrupted_or_inconsistent_sequences[different-load]" time="0.000" /><testcase classname="tests.test_recovery" name="test_strict_confirmation_rejects_interrupted_or_inconsistent_sequences[bad-tracking]" time="0.000" /><testcase classname="tests.test_recovery" name="test_strict_confirmation_rejects_interrupted_or_inconsistent_sequences[ambiguous]" time="0.000" /><testcase classname="tests.test_recovery" name="test_failed_probe_waits_and_only_an_available_new_procedure_receipt_reopens_it" time="0.011" /><testcase classname="tests.test_recovery" name="test_policy_opt_in_is_frozen_and_legacy_serialization_is_unchanged" time="0.000" /><testcase classname="tests.test_recovery" name="test_setup_opt_in_roundtrips_and_explicit_study_policies_take_precedence" time="0.381" /><testcase classname="tests.test_recovery" name="test_an_isolated_flow_sensor_does_not_veto_independent_recovery_evidence" time="0.000" /><testcase classname="tests.test_recovery" name="test_recovery_metrics_distinguish_physical_time_from_observation_availability" time="0.000" /><testcase classname="tests.test_recovery" name="test_prospective_study_holds_hardware_and_inputs_fixed_between_policies" time="0.031" /><testcase classname="tests.test_recovery" name="test_real_run_records_tests_and_confirms_recovery_without_repair_truth" time="0.713" /><testcase classname="tests.test_recovery" name="test_independent_checker_rejects_fabricated_early_confirmation" time="0.153" /><testcase classname="tests.test_recovery" name="test_what_if_uses_original_test_observations_and_retains_the_source_run" time="0.122" /><testcase classname="tests.test_recovery" name="test_future_weather_and_support_failure_cannot_change_earlier_tests" time="1.535" /><testcase classname="tests.test_recovery_belief" name="test_reset_transition_keeps_common_contact_error_and_does_not_verify_capacity" time="0.003" /><testcase classname="tests.test_recovery_belief" name="test_module_transition_then_actual_power_distinguishes_restoration_from_failed_work" time="0.004" /><testcase classname="tests.test_recovery_belief" name="test_delayed_information_conditions_its_original_state_without_rewriting_earlier_results" time="0.002" /><testcase classname="tests.test_recovery_belief" name="test_age_admission_differs_from_forgetting_already_admitted_evidence" time="0.002" /><testcase classname="tests.test_recovery_belief" name="test_unknown_intervention_and_simultaneous_contact_are_explicit" time="0.001" /><testcase classname="tests.test_recovery_belief" name="test_power_sensor_point_mass_density_and_extreme_tail_are_distinct" time="0.001" /><testcase classname="tests.test_recovery_belief" name="test_log_odds_survive_underflow_and_later_contradictory_measurements" time="0.006" /><testcase classname="tests.test_recovery_belief" name="test_infeasible_and_inactive_tests_add_no_health_evidence" time="0.002" /><testcase classname="tests.test_recovery_belief" name="test_future_or_tampered_inputs_are_rejected_without_partially_advancing" time="0.003" /><testcase classname="tests.test_recovery_belief" name="test_conditioned_contact_prediction_matches_independent_fault_execution[reset-resettable-trip]" time="0.000" /><testcase classname="tests.test_recovery_belief" name="test_conditioned_contact_prediction_matches_independent_fault_execution[reset-equipment-damage]" time="0.000" /><testcase classname="tests.test_recovery_belief" name="test_conditioned_contact_prediction_matches_independent_fault_execution[reset-damage-and-stuck-contact]" time="0.000" /><testcase classname="tests.test_recovery_belief" name="test_conditioned_contact_prediction_matches_independent_fault_execution[module-replacement-resettable-trip]" time="0.000" /><testcase classname="tests.test_recovery_belief" name="test_conditioned_contact_prediction_matches_independent_fault_execution[module-replacement-equipment-damage]" time="0.000" /><testcase classname="tests.test_recovery_belief" name="test_conditioned_contact_prediction_matches_independent_fault_execution[module-replacement-damage-and-stuck-contact]" time="0.000" /><testcase classname="tests.test_recovery_belief_policy" name="test_attempt_test_and_operating_confirmation_are_distinct" time="9.007" /><testcase classname="tests.test_recovery_belief_policy" name="test_display_is_compact_and_original_evidence_remains_immutable" time="0.027" /><testcase classname="tests.test_recovery_belief_policy" name="test_per_controller_policy_is_the_original_dispatch_assumption" time="3.628" /><testcase classname="tests.test_recovery_belief_policy" name="test_independent_checker_rejects_resealed_original_information_tampering[operating packet]" time="3.208" /><testcase classname="tests.test_recovery_belief_policy" name="test_independent_checker_rejects_resealed_original_information_tampering[procedure]" time="3.088" /><testcase classname="tests.test_recovery_belief_policy" name="test_independent_checker_rejects_resealed_original_information_tampering[contact]" time="3.441" /><testcase classname="tests.test_recovery_belief_policy" name="test_independent_checker_rejects_resealed_original_information_tampering[gate]" time="3.570" /><testcase classname="tests.test_recovery_belief_policy" name="test_future_realised_weather_cannot_change_earlier_beliefs" time="8.471" /><testcase classname="tests.test_recovery_belief_reference" name="test_independent_reader_transitions_and_operating_arithmetic[0-0]" time="0.008" /><testcase classname="tests.test_recovery_belief_reference" name="test_independent_reader_transitions_and_operating_arithmetic[0-0.02]" time="0.008" /><testcase classname="tests.test_recovery_belief_reference" name="test_independent_reader_transitions_and_operating_arithmetic[0-0.1]" time="0.009" /><testcase classname="tests.test_recovery_belief_reference" name="test_independent_reader_transitions_and_operating_arithmetic[0.8-0]" time="0.008" /><testcase classname="tests.test_recovery_belief_reference" name="test_independent_reader_transitions_and_operating_arithmetic[0.8-0.02]" time="0.008" /><testcase classname="tests.test_recovery_belief_reference" name="test_independent_reader_transitions_and_operating_arithmetic[0.8-0.1]" time="0.007" /><testcase classname="tests.test_recovery_belief_reference" name="test_independent_reader_transitions_and_operating_arithmetic[1-0]" time="0.008" /><testcase classname="tests.test_recovery_belief_reference" name="test_independent_reader_transitions_and_operating_arithmetic[1-0.02]" time="0.008" /><testcase classname="tests.test_recovery_belief_reference" name="test_independent_reader_transitions_and_operating_arithmetic[1-0.1]" time="0.008" /><testcase classname="tests.test_recovery_belief_reference" name="test_extreme_gaussian_tail_and_reviving_underflowed_display_probability" time="0.006" /><testcase classname="tests.test_recovery_belief_reference" name="test_checker_does_not_accept_resealed_false_arithmetic[probability]" time="0.001" /><testcase classname="tests.test_recovery_belief_reference" name="test_checker_does_not_accept_resealed_false_arithmetic[likelihood]" time="0.001" /><testcase classname="tests.test_recovery_belief_reference" name="test_checker_does_not_accept_resealed_false_arithmetic[procedure]" time="0.001" /><testcase classname="tests.test_recovery_belief_reference" name="test_checker_does_not_accept_resealed_false_arithmetic[future]" time="0.001" /><testcase classname="tests.test_recovery_belief_reference" name="test_dependency_free_checker_and_input_immutability" time="0.030" /><testcase classname="tests.test_recovery_belief_reference" name="test_policy_threshold_is_opt_in_and_legacy_defaults_keep_their_meaning" time="0.000" /><testcase classname="tests.test_recovery_comparison" name="test_comparison_arms_match_physical_worlds_and_keep_null_exact" time="0.136" /><testcase classname="tests.test_recovery_comparison" name="test_historical_prefix_preserves_raw_data_and_availability" time="0.002" /><testcase classname="tests.test_recovery_comparison" name="test_report_without_null_cases_does_not_report_a_failed_null_test" time="0.001" /><testcase classname="tests.test_recovery_loop" name="test_whole_return_opens_separate_window_and_retains_original_miss" time="0.000" /><testcase classname="tests.test_recovery_loop" name="test_two_distinct_shortfalls_prompt_remedy_without_24_hour_pause" time="0.001" /><testcase classname="tests.test_recovery_loop" name="test_resource_blocked_test_neither_supports_repair_nor_moves_deadline" time="0.001" /><testcase classname="tests.test_recovery_loop" name="test_pending_remedy_does_not_compete_with_its_own_verification" time="0.000" /><testcase classname="tests.test_recovery_loop" name="test_later_incident_has_a_new_deadline_without_rewriting_the_old_episode" time="0.000" /><testcase classname="tests.test_recovery_loop" name="test_disabling_sensing_does_not_claim_observed_recovery" time="0.000" /><testcase classname="tests.test_recovery_loop" name="test_future_receipts_or_evidence_cannot_change_earlier_request" time="0.001" /><testcase classname="tests.test_recovery_loop" name="test_executed_loop_keeps_physics_and_observation_audit[successful-procedure]" time="14.426" /><testcase classname="tests.test_recovery_loop" name="test_executed_loop_keeps_physics_and_observation_audit[failed-procedure]" time="3.265" /><testcase classname="tests.test_recovery_loop" name="test_executed_loop_keeps_physics_and_observation_audit[power-shortage]" time="2.883" /><testcase classname="tests.test_reference" name="test_reference_has_no_production_dependencies" time="0.034" /><testcase classname="tests.test_reference" name="test_reference_hand_calculated_chemistry_and_zero_loss" time="0.000" /><testcase classname="tests.test_reference" name="test_reference_archive_and_zero_output_economics" time="0.718" /><testcase classname="tests.test_reference" name="test_reference_catches_corruption_without_trusting_residuals[state]" time="0.069" /><testcase classname="tests.test_reference" name="test_reference_catches_corruption_without_trusting_residuals[heat]" time="0.069" /><testcase classname="tests.test_reference" name="test_reference_catches_corruption_without_trusting_residuals[cost]" time="0.069" /><testcase classname="tests.test_reference" name="test_reference_catches_corruption_without_trusting_residuals[input]" time="0.069" /><testcase classname="tests.test_reference" name="test_reference_catches_corruption_without_trusting_residuals[start]" time="0.070" /><testcase classname="tests.test_reference" name="test_reference_catches_corruption_without_trusting_residuals[forecast]" time="0.069" /><testcase classname="tests.test_reference" name="test_reference_catches_corruption_without_trusting_residuals[missing]" time="0.070" /><testcase classname="tests.test_reference" name="test_reference_works_when_production_transition_and_costs_are_broken" time="0.001" /><testcase classname="tests.test_reporting_boundaries" name="test_rounded_brush_disposal_reports_the_actual_boundary_error" time="0.000" /><testcase classname="tests.test_reporting_boundaries" name="test_real_stock_deficits_and_excesses_still_fail[-0.001]" time="0.000" /><testcase classname="tests.test_reporting_boundaries" name="test_real_stock_deficits_and_excesses_still_fail[50000.001]" time="0.000" /><testcase classname="tests.test_reporting_boundaries" name="test_v3_counts_windows_once_and_keeps_escalation_intervals_separate" time="0.000" /><testcase classname="tests.test_reporting_boundaries" name="test_sensing_disabled_does_not_count_as_confirmed" time="0.000" /><testcase classname="tests.test_retrieval_planning" name="test_validated_retrieval_allows_later_charge_but_never_immediate_credit" time="1.028" /><testcase classname="tests.test_retrieval_planning" name="test_omitted_retrieval_and_premature_target_remain_infeasible" time="0.023" /><testcase classname="tests.test_routine_services" name="test_actual_maintenance_clock_consumables_and_crew_reconcile" time="0.010" /><testcase classname="tests.test_routine_services" name="test_unavailable_resources_leave_due_work_visible[changes0-stock:maintenance]" time="0.003" /><testcase classname="tests.test_routine_services" name="test_unavailable_resources_leave_due_work_visible[changes1-crew-available]" time="0.003" /><testcase classname="tests.test_routine_services" name="test_unavailable_resources_leave_due_work_visible[changes2-crew-hours]" time="0.003" /><testcase classname="tests.test_routine_services" name="test_interruption_charges_partial_work_without_resetting_clock" time="0.003" /><testcase classname="tests.test_routine_services" name="test_maintenance_excludes_robot_charging_while_work_is_active" time="0.002" /><testcase classname="tests.test_routine_services" name="test_full_rate_standby_grant[0-2-True-1]" time="0.000" /><testcase classname="tests.test_routine_services" name="test_full_rate_standby_grant[0-0.5-True-0]" time="0.000" /><testcase classname="tests.test_routine_services" name="test_full_rate_standby_grant[0.6-0.4-True-1]" time="0.000" /><testcase classname="tests.test_routine_services" name="test_full_rate_standby_grant[10-10-False-0]" time="0.000" /><testcase classname="tests.test_routine_services" name="test_invalid_standby_assumptions_are_rejected[-1]" time="0.000" /><testcase classname="tests.test_routine_services" name="test_invalid_standby_assumptions_are_rejected[nan]" time="0.000" /><testcase classname="tests.test_routine_services" name="test_invalid_standby_assumptions_are_rejected[True]" time="0.000" /><testcase classname="tests.test_routine_services" name="test_brownout_is_unserved_demand_and_cannot_start_charging" time="0.001" /><testcase classname="tests.test_routine_services" name="test_night_standby_uses_actual_plant_battery_and_independent_reference" time="0.402" /><testcase classname="tests.test_routine_services" name="test_reference_detects_forged_standby_and_maintenance_clock" time="0.160" /><testcase classname="tests.test_routine_services" name="test_routine_work_does_not_clear_injected_equipment_damage" time="0.004" /><testcase classname="tests.test_routine_services" name="test_failed_charger_power_stage_still_consumes_upstream_control_power" time="0.002" /><testcase classname="tests.test_routine_services" name="test_finite_resupply_allows_due_work_only_after_recorded_receipt" time="0.009" /><testcase classname="tests.test_routine_services" name="test_pending_due_work_is_not_retroactively_changed_by_future_faults" time="0.007" /><testcase classname="tests.test_routine_services" name="test_shared_routine_visits_reconcile_declared_work_and_target_reservations" time="0.900" /><testcase classname="tests.test_scene_config" name="test_scene_constructor_inputs_are_data_not_a_bound_custom_event" time="0.892" /><testcase classname="tests.test_sensing_policy" name="test_ambiguity_at_minimum_load_does_not_prove_a_new_capacity_ceiling" time="0.000" /><testcase classname="tests.test_sensing_policy" name="test_hold_is_not_recovery_and_low_excitation_stays_uninformative[0-0]" time="0.000" /><testcase classname="tests.test_sensing_policy" name="test_hold_is_not_recovery_and_low_excitation_stays_uninformative[0-100]" time="0.000" /><testcase classname="tests.test_sensing_policy" name="test_hold_is_not_recovery_and_low_excitation_stays_uninformative[0-225]" time="0.000" /><testcase classname="tests.test_sensing_policy" name="test_hold_is_not_recovery_and_low_excitation_stays_uninformative[0-450]" time="0.000" /><testcase classname="tests.test_sensing_policy" name="test_hold_is_not_recovery_and_low_excitation_stays_uninformative[134-0]" time="0.000" /><testcase classname="tests.test_sensing_policy" name="test_hold_is_not_recovery_and_low_excitation_stays_uninformative[134-100]" time="0.000" /><testcase classname="tests.test_sensing_policy" name="test_hold_is_not_recovery_and_low_excitation_stays_uninformative[134-225]" time="0.000" /><testcase classname="tests.test_sensing_policy" name="test_hold_is_not_recovery_and_low_excitation_stays_uninformative[134-450]" time="0.000" /><testcase classname="tests.test_sensing_policy" name="test_hold_is_not_recovery_and_low_excitation_stays_uninformative[135-0]" time="0.000" /><testcase classname="tests.test_sensing_policy" name="test_hold_is_not_recovery_and_low_excitation_stays_uninformative[135-100]" time="0.000" /><testcase classname="tests.test_sensing_policy" name="test_hold_is_not_recovery_and_low_excitation_stays_uninformative[135-225]" time="0.000" /><testcase classname="tests.test_sensing_policy" name="test_hold_is_not_recovery_and_low_excitation_stays_uninformative[135-450]" time="0.000" /><testcase classname="tests.test_sensing_policy" name="test_hold_is_not_recovery_and_low_excitation_stays_uninformative[300-0]" time="0.000" /><testcase classname="tests.test_sensing_policy" name="test_hold_is_not_recovery_and_low_excitation_stays_uninformative[300-100]" time="0.000" /><testcase classname="tests.test_sensing_policy" name="test_hold_is_not_recovery_and_low_excitation_stays_uninformative[300-225]" time="0.000" /><testcase classname="tests.test_sensing_policy" name="test_hold_is_not_recovery_and_low_excitation_stays_uninformative[300-450]" time="0.000" /><testcase classname="tests.test_sensing_policy" name="test_unambiguous_evidence_keeps_existing_confirmation_semantics[capacity]" time="0.000" /><testcase classname="tests.test_sensing_policy" name="test_unambiguous_evidence_keeps_existing_confirmation_semantics[flow]" time="0.000" /><testcase classname="tests.test_sensing_policy" name="test_unambiguous_evidence_keeps_existing_confirmation_semantics[recovery]" time="0.000" /><testcase classname="tests.test_sensing_policy" name="test_unambiguous_evidence_keeps_existing_confirmation_semantics[normal]" time="0.000" /><testcase classname="tests.test_sensing_policy" name="test_unambiguous_evidence_keeps_existing_confirmation_semantics[disabled]" time="0.000" /><testcase classname="tests.test_sensing_policy" name="test_version_is_frozen_without_changing_legacy_configurations" time="0.001" /><testcase classname="tests.test_sensing_policy" name="test_diagnosis_cases_offer_a_separate_learning_ablation_and_no_future_information" time="0.024" /><testcase classname="tests.test_sensing_policy" name="test_independent_hold_invariant_rejects_fabri
[...]
/><testcase classname="tests.test_service_visits" name="test_coupled_visit_examples_reconcile_with_the_independent_reference[interrupted-portable]" time="0.011" /><testcase classname="tests.test_service_visits" name="test_coupled_visit_examples_reconcile_with_the_independent_reference[short-shift]" time="0.007" /><testcase classname="tests.test_service_visits" name="test_coupled_visit_examples_reconcile_with_the_independent_reference[empty-pipeline]" time="0.006" /><testcase classname="tests.test_service_visits" name="test_supplies_share_a_real_journey_and_keep_individual_delivery_receipts" time="0.000" /><testcase classname="tests.test_service_visits" name="test_short_shift_splits_the_visit_and_empty_pipeline_never_credits_future_stock" time="0.000" /><testcase classname="tests.test_service_visits" name="test_unobserved_repair_outcome_cannot_change_the_original_combined_visit" time="0.000" /><testcase classname="tests.test_service_visits" name="test_interrupted_portable_job_keeps_water_and_work_but_blocks_its_later_delivery" time="0.000" /><testcase classname="tests.test_service_visits" name="test_independent_visit_audit_rejects_forged_itineraries_and_aggregates[return]" time="0.288" /><testcase classname="tests.test_service_visits" name="test_independent_visit_audit_rejects_forged_itineraries_and_aggregates[callout]" time="0.318" /><testcase classname="tests.test_service_visits" name="test_independent_visit_audit_rejects_forged_itineraries_and_aggregates[envelope]" time="0.235" /><testcase classname="tests.test_service_visits" name="test_independent_visit_audit_rejects_forged_itineraries_and_aggregates[missing-job]" time="0.358" /><testcase classname="tests.test_service_visits" name="test_independent_visit_audit_rejects_forged_itineraries_and_aggregates[start]" time="0.199" /><testcase classname="tests.test_service_visits" name="test_independent_visit_audit_rejects_forged_itineraries_and_aggregates[lost-backlog]" time="0.225" /><testcase classname="tests.test_solar" name="test_default_sections_reconcile_with_lumped_model" time="0.002" /><testcase classname="tests.test_solar" name="test_shading_soiling_isolation_and_converter_limits" time="0.001" /><testcase classname="tests.test_solar" name="test_orientation_changes_profile_and_night_stays_dark" time="0.006" /><testcase classname="tests.test_solar" name="test_preview_immutable_capacity_and_round_trip" time="1.179" /><testcase classname="tests.test_solar" name="test_forecast_vintages_transform_independently" time="0.004" /><testcase classname="tests.test_solar" name="test_legacy_template_inversion_and_invalid_inputs" time="0.005" /><testcase classname="tests.test_solver_study" name="test_frozen_problem_retains_infinity_and_detects_changed_operands" time="0.004" /><testcase classname="tests.test_solver_study" name="test_frozen_solve_reconciles_independently_bounded_optimum" time="0.663" /><testcase classname="tests.test_solver_study" name="test_computation_budget_rejects_invalid_inputs[budget0]" time="0.000" /><testcase classname="tests.test_solver_study" name="test_computation_budget_rejects_invalid_inputs[budget1]" time="0.000" /><testcase classname="tests.test_solver_study" name="test_computation_budget_rejects_invalid_inputs[budget2]" time="0.000" /><testcase classname="tests.test_solver_study" name="test_computation_budget_rejects_invalid_inputs[budget3]" time="0.000" /><testcase classname="tests.test_solver_study" name="test_computation_budget_rejects_invalid_inputs[budget4]" time="0.000" /><testcase classname="tests.test_solver_study" name="test_computation_budget_rejects_invalid_inputs[budget5]" time="0.000" /><testcase classname="tests.test_solver_study" name="test_computation_budget_rejects_invalid_inputs[budget6]" time="0.000" /><testcase classname="tests.test_solver_study" name="test_computation_budget_rejects_invalid_inputs[budget7]" time="0.000" /><testcase classname="tests.test_solver_study" name="test_iteration_limit_is_not_misreported_as_time_limit" time="0.066" /><testcase classname="tests.test_solver_study" name="test_repeat_protocol_uses_isolated_processes_and_retains_all_trials" time="1.332" /><testcase classname="tests.test_solver_study" name="test_independently_bounded_plant_optimum" time="0.005" /><testcase classname="tests.test_solver_study" name="test_formulation_equivalence_and_cross_feasibility" time="0.003" /><testcase classname="tests.test_startup" name="test_local_readiness_requires_a_supported_real_response[200-True]" time="0.000" /><testcase classname="tests.test_startup" name="test_local_readiness_requires_a_supported_real_response[401-True]" time="0.000" /><testcase classname="tests.test_startup" name="test_local_readiness_requires_a_supported_real_response[307-True]" time="0.000" /><testcase classname="tests.test_startup" name="test_local_readiness_requires_a_supported_real_response[403-False]" time="0.000" /><testcase classname="tests.test_startup" name="test_local_readiness_requires_a_supported_real_response[500-False]" time="0.000" /><testcase classname="tests.test_startup" name="test_local_readiness_requires_a_supported_real_response[503-False]" time="0.000" /><testcase classname="tests.test_startup" name="test_timeout_is_not_replaced_by_an_assumed_success" time="0.000" /><testcase classname="tests.test_startup" name="test_compatibility_hook_is_restored_before_serving_or_propagating_failure[False]" time="0.000" /><testcase classname="tests.test_startup" name="test_compatibility_hook_is_restored_before_serving_or_propagating_failure[True]" time="0.000" /><testcase classname="tests.test_startup" name="test_public_launch_cannot_use_the_local_exception" time="0.000" /><testcase classname="tests.test_studies" name="test_resolved_parameters_have_explicit_scaling_and_no_defaults" time="0.008" /><testcase classname="tests.test_studies" name="test_signed_comparison_uses_identities_after_json_sorting" time="0.117" /><testcase classname="tests.test_studies" name="test_terminal_policy_changes_only_objective_and_has_independent_optimum" time="0.004" /><testcase classname="tests.test_studies" name="test_policy_is_recorded_and_retained_in_what_if" time="0.244" /><testcase classname="tests.test_studies" name="test_study_context_is_scoped_and_preview_does_not_change_inputs" time="0.010" /><testcase classname="tests.test_studies" name="test_source_inputs_editions_and_reports_are_preserved" time="6.705" /><testcase classname="tests.test_studies" name="test_cancellation_and_failed_inputs_remain_visible" time="0.112" /><testcase classname="tests.test_studies" name="test_portable_study_checks_without_packages" time="3.389" /><testcase classname="tests.test_studies" name="test_manifest_and_frozen_source_tampering_is_rejected" time="0.177" /><testcase classname="tests.test_study_presentation" name="test_projection_retains_display_operands_without_copying_detailed_histories" time="0.006" /><testcase classname="tests.test_study_presentation" name="test_persisted_views_are_source_bound_and_caller_isolated" time="0.010" /><testcase classname="tests.test_study_presentation" name="test_changed_files_cannot_reuse_a_previously_verified_view[original]" time="0.010" /><testcase classname="tests.test_study_presentation" name="test_changed_files_cannot_reuse_a_previously_verified_view[index]" time="0.009" /><testcase classname="tests.test_study_presentation" name="test_changed_files_cannot_reuse_a_previously_verified_view[view]" time="0.009" /><testcase classname="tests.test_study_presentation" name="test_missing_or_misfiled_original_is_not_supplied_by_cached_view" time="0.009" /><testcase classname="tests.test_study_presentation" name="test_read_only_stores_remain_readable_without_claiming_a_saved_view" time="0.007" /><testcase classname="tests.test_study_presentation" name="test_derived_record_is_published_whole_and_concurrent_readers_share_it" time="0.002" /><testcase classname="tests.test_study_presentation" name="test_targeted_attempt_read_does_not_load_unrelated_cases" time="0.007" /><testcase classname="tests.test_study_presentation" name="test_service_transport_pins_original_publication_attempt_and_controller" time="0.015" /><testcase classname="tests.test_study_presentation" name="test_offline_html_links_full_originals_and_keeps_only_display_metrics" time="0.007" /><testcase classname="tests.test_study_presentation" name="test_index_uses_published_counts_and_distinguishes_unfinished_work" time="0.007" /><testcase classname="tests.test_surface_services" name="test_partial_dry_brushing_changes_only_loose_loss_with_independent_area_arithmetic" time="0.000" /><testcase classname="tests.test_surface_services" name="test_partitioning_constant_efficacy_sweep_preserves_optical_inventory" time="0.000" /><testcase classname="tests.test_surface_services" name="test_optical_effects_apply_after_interval_and_full_audit_reconciles" time="0.621" /><testcase classname="tests.test_surface_services" name="test_interruption_retains_completed_area_and_consumes_only_elapsed_resources" time="0.509" /><testcase classname="tests.test_surface_services" name="test_unavailable_conditions_or_exhausted_brush_block_work[conditions0-wind-mps]" time="0.536" /><testcase classname="tests.test_surface_services" name="test_unavailable_conditions_or_exhausted_brush_block_work[conditions1-wind-mps]" time="0.811" /><testcase classname="tests.test_surface_services" name="test_unavailable_conditions_or_exhausted_brush_block_work[conditions2-rain-mmph]" time="0.686" /><testcase classname="tests.test_surface_services" name="test_unavailable_conditions_or_exhausted_brush_block_work[conditions3-row-accessible]" time="0.508" /><testcase classname="tests.test_surface_services" name="test_unavailable_conditions_or_exhausted_brush_block_work[conditions4-brush:cleaner]" time="0.472" /><testcase classname="tests.test_surface_services" name="test_cleaning_can_recover_light_without_recovering_available_dc_due_to_clipping" time="0.731" /><testcase classname="tests.test_surface_services" name="test_future_realized_weather_cannot_change_earlier_cleaning_or_dispatch" time="1.401" /><testcase classname="tests.test_surface_services" name="test_missing_forecast_radiation_is_an_explicit_incomplete_input" time="0.005" /><testcase classname="tests.test_surface_services" name="test_zero_installed_area_has_no_cleaning_and_remains_auditable" time="0.393" /><testcase classname="tests.test_surface_services" name="test_optical_audit_with_temperature_and_orientation_effects" time="0.766" /><testcase classname="tests.test_surface_services" name="test_forecast_error_compares_the_same_surface_conversion_basis" time="1.237" /><testcase classname="tests.test_taxonomy" name="test_complete_domains_families_configuration_and_registry_coverage" time="0.078" /><testcase classname="tests.test_taxonomy" name="test_component_to_interface_capability_actor_support_and_review_is_connected" time="0.076" /><testcase classname="tests.test_taxonomy" name="test_shared_resource_is_one_identity_and_collision_does_not_alias_asset" time="0.079" /><testcase classname="tests.test_taxonomy" name="test_missing_original_and_legacy_assets_do_not_acquire_modern_capabilities" time="0.076" /><testcase classname="tests.test_taxonomy" name="test_snapshot_immutability_evidence_scope_and_broken_references" time="0.192" /><testcase classname="tests.test_taxonomy" name="test_containment_cycles_are_rejected_even_with_updated_hash" time="0.063" /><testcase classname="tests.test_taxonomy" name="test_transport_run_binding_context_and_generation" time="0.077" /><testcase classname="tests.test_taxonomy" name="test_offline_report_retains_links_original_ids_and_scopes" time="0.082" /><testcase classname="tests.test_taxonomy" name="test_existing_archive_can_be_read_without_migration" time="0.094" /><testcase classname="tests.test_uncertain_services" name="test_private_time_changes_completion_without_leaking_into_initial_decision" time="1.541" /><testcase classname="tests.test_uncertain_services" name="test_elapsed_packets_replace_censoring_and_never_create_completed_trials" time="0.000" /><testcase classname="tests.test_uncertain_services" name="test_support_port_exposes_only_current_status_and_does_not_create_resources" time="0.000" /><testcase classname="tests.test_uncertain_services" name="test_unsupported_duration_is_retained_as_invalid_world" time="0.002" /><testcase classname="tests.test_uncertain_services" name="test_uncertain_inspection_and_repair_wait_for_observed_acceptance[fixed]" time="0.028" /><testcase classname="tests.test_uncertain_services" name="test_uncertain_inspection_and_repair_wait_for_observed_acceptance[mobile]" time="0.034" /><testcase classname="tests.test_uncertain_services" name="test_new_timing_archive_keeps_original_information_for_replanning" time="0.787" /><testcase classname="tests.test_uncertain_services" name="test_risk_planning_uses_shared_present_actions_and_retains_solver_outcomes" time="0.064" /><testcase classname="tests.test_uncertain_services" name="test_optical_uncertainty_run_uses_monitor_estimates_and_actual_coverage" time="3.362" /><testcase classname="tests.test_uncertain_services" name="test_first_system_shared_visits_supplies_human_work_and_interruption[supplies]" time="1.209" /><testcase classname="tests.test_uncertain_services" name="test_first_system_shared_visits_supplies_human_work_and_interruption[interventions]" time="1.960" /><testcase classname="tests.test_uncertain_services" name="test_first_system_shared_visits_supplies_human_work_and_interruption[portable-transfer]" time="1.753" /><testcase classname="tests.test_uncertain_services" name="test_first_system_shared_visits_supplies_human_work_and_interruption[interrupted-portable]" time="1.459" /><testcase classname="tests.test_uncertain_services" name="test_independent_uncertainty_checker_detects_changed_belief_and_future_packet" time="1.082" /><testcase classname="tests.test_uncertain_services" name="test_reference_intervals_carry_ambiguity_and_censored_duration_quantiles" time="0.001" /><testcase classname="tests.test_uncertain_services" name="test_programme_matches_physical_inputs_and_keeps_noop_control" time="0.015" /><testcase classname="tests.test_uncertain_services" name="test_offline_autonomy_report_has_original_operands_without_recalculation" time="1.936" /><testcase classname="tests.test_uncertain_services" name="test_uncertain_joint_recovery_keeps_delivery_branches_and_accepted_test" time="0.072" /><testcase classname="tests.test_uncertain_services" name="test_interruption_histories_retain_different_earlier_observations" time="0.000" /><testcase classname="tests.test_uncertain_services" name="test_optical_risk_controller_runs_live_interruption_branches" time="10.137" /><testcase classname="tests.test_uncertain_services" name="test_retrieval_drive_check_uses_execution_clock_not_reserved_upper_bound" time="2.224" /><testcase classname="tests.test_uncertainty" name="test_complete_catalogue_covers_optional_families_and_scalar_paths" time="0.167" /><testcase classname="tests.test_uncertainty" name="test_joint_rows_and_named_streams_preserve_dependence_and_order" time="0.022" /><testcase classname="tests.test_uncertainty" name="test_invalid_combinations_retained_no_clipping_or_resampling" time="0.001" /><testcase classname="tests.test_uncertainty" name="test_discrete_booleans_strings_repeated_assets_and_unknown_capabilities" time="0.006" /><testcase classname="tests.test_uncertainty" name="test_ranges_are_not_probabilities[bounds]" time="0.001" /><testcase classname="tests.test_uncertainty" name="test_ranges_are_not_probabilities[values]" time="0.000" /><testcase classname="tests.test_uncertainty" name="test_explicit_probability_and_hidden_adapter_rejection" time="0.096" /><testcase classname="tests.test_uncertainty" name="test_observation_clocks_units_independent_difference" time="0.000" /><testcase classname="tests.test_uncertainty" name="test_hidden_truth_cannot_change_first_plan_and_accounting_reconciles" time="1.175" /><testcase classname="tests.test_uncertainty" name="test_future_fault_parameters_do_not_change_earlier_decisions" time="0.979" /><testcase classname="tests.test_uncertainty" name="test_study_immutable_worlds_resume_invalid_and_export" time="3.188" /><testcase classname="tests.test_uncertainty" name="test_additive_observations_reprice_and_numerical_rerun_preserve_assumptions" time="1.080" /><testcase classname="tests.test_uncertainty" name="test_declared_float_with_integer_default_can_have_continuous_support" time="0.007" /><testcase classname="tests.test_uncertainty" name="test_support_and_service_inputs_use_same_resolved_workflow" time="1.380" /><testcase classname="tests.test_uncertainty" name="test_world_means_never_count_missing_inner_seeds_as_zero" time="0.033" /><testcase classname="tests.test_uncertainty" name="test_weather_is_frozen_once_and_detailed_solar_is_archivable" time="2.272" /><testcase classname="tests.test_uncertainty" name="test_missing_nullable_parameters_are_explicit_differences" time="0.000" /><testcase classname="tests.test_visit_planning" name="test_future_visit_shifts_time_without_using_future_observations_or_mutating_runtime" time="0.002" /><testcase classname="tests.test_visit_planning" name="test_shared_projection_cost_matches_independent_trip_and_labour_calculation" time="0.005" /><testcase classname="tests.test_visit_planning" name="test_accepted_future_visit_reconciles_with_projection_and_keeps_per_job_effects" time="0.030" /><testcase classname="tests.test_visit_planning" name="test_visit_and_standalone_job_cannot_claim_the_same_crew_or_order" time="0.002" /><testcase classname="tests.test_visit_planning" name="test_two_visits_require_observed_return_without_promising_replenishment" time="0.002" /><testcase classname="tests.test_visit_planning" name="test_missing_prerequisites_remain_explicit_without_partially_accepting_a_visit[stock]" time="0.002" /><testcase classname="tests.test_visit_planning" name="test_missing_prerequisites_remain_explicit_without_partially_accepting_a_visit[lead]" time="0.002" /><testcase classname="tests.test_visit_planning" name="test_missing_prerequisites_remain_explicit_without_partially_accepting_a_visit[shift]" time="0.002" /><testcase classname="tests.test_visit_planning" name="test_missing_prerequisites_remain_explicit_without_partially_accepting_a_visit[disabled]" time="0.001" /><testcase classname="tests.test_visit_planning" name="test_missing_prerequisites_remain_explicit_without_partially_accepting_a_visit[future-horizon]" time="0.002" /><testcase classname="tests.test_visit_planning" name="test_visit_acceptance_rejects_a_stale_decision_and_actual_stock_shortage" time="0.016" /><testcase classname="tests.test_visit_planning" name="test_joint_charging_interface_uses_the_shared_visit_in_its_cost_and_acceptance" time="0.018" /><testcase classname="tests.test_visit_planning" name="test_joint_policy_prescreens_shared_and_single_work_without_drawing_outcomes" time="0.009" /><testcase classname="tests.test_visit_planning" name="test_joint_policy_chooses_due_pair_and_execution_keeps_unverified_work_separate" time="0.163" /><testcase classname="tests.test_visit_planning" name="test_future_visit_selection_is_checked_independently_and_cannot_be_rewritten" time="0.010" /><testcase classname="tests.test_visit_planning" name="test_joint_policy_rejects_missing_support_at_configuration_and_direct_entry" time="0.002" /><testcase classname="tests.test_visit_planning" name="test_interrupted_shared_procedure_preserves_spent_stock_and_stops_later_work" time="0.006" /><testcase classname="tests.test_visit_planning" name="test_proposals_are_identical_when_private_outcome_draws_change" time="0.002" /><testcase classname="tests.test_visit_planning" name="test_shared_charging_accepts_one_shot_recipe_iterables" time="0.018" /><testcase classname="tests.test_visit_planning" name="test_separate_future_departures_are_not_reported_as_executable_before_return" time="0.002" /></testsuite></testsuites>